INFO 2022-05-22 17:26:02,217 12337 139855160444672 views | user: admin | used: CourseListView | method: get
INFO 2022-05-22 17:26:43,775 12337 139855160444672 views | user: admin | used: ManageCourseListView | method: get_queryset
INFO 2022-05-22 17:26:53,433 12337 139855160444672 views | user: admin | used: UserCourseListView | method: get_queryset
INFO 2022-05-22 17:27:00,622 12337 139855160444672 views | user: admin | used: CourseListView | method: get
INFO 2022-05-22 17:27:05,074 12337 139855160444672 views | user: admin | used: UserCourseListView | method: get_queryset
INFO 2022-05-22 17:27:10,135 12337 139855160444672 views | user: AnonymousUser | used: CourseListView | method: get
INFO 2022-05-22 17:40:22,223 13153 140431105861376 views | user: AnonymousUser | used: CourseListView | method: get
INFO 2022-05-22 17:40:50,249 13153 140431105861376 views | user: admin | used: UserCourseListView | method: get_queryset
INFO 2022-05-22 17:40:53,130 13153 140431105861376 views | user: admin | used: CourseListView | method: get
INFO 2022-05-22 17:40:59,544 13153 140431105861376 views | user: admin | used: UserCourseListView | method: get_queryset
INFO 2022-05-22 17:41:03,081 13153 140431105861376 views | user: admin | used: CourseListView | method: get
INFO 2022-05-22 17:41:05,523 13153 140431105861376 views | user: AnonymousUser | used: CourseListView | method: get
INFO 2022-05-22 17:42:16,113 13153 140431105861376 views | user: AnonymousUser | used: SignUpView | method: form is valid
INFO 2022-05-22 17:42:26,808 13153 140431105861376 views | user: nika | used: UserCourseListView | method: get_queryset
INFO 2022-05-22 17:42:29,834 13153 140431105861376 views | user: nika | used: UserCourseListView | method: get_queryset
INFO 2022-05-22 17:42:35,132 13153 140431105861376 views | user: nika | used: CourseListView | method: get
INFO 2022-05-22 17:42:43,874 13153 140431105861376 views | user: nika | used: CourseListView | method: get
INFO 2022-05-22 17:46:09,753 13153 140431097468672 views | user: admin | used: CourseListView | method: get
INFO 2022-05-22 17:46:16,130 13153 140431097468672 views | user: admin | used: UserCourseListView | method: get_queryset
INFO 2022-05-22 17:46:23,828 13153 140431097468672 views | user: admin | used: UserCourseListView | method: get_queryset
INFO 2022-05-22 17:53:23,597 14245 140537045620480 views | user: admin | used: CourseListView | method: get
INFO 2022-05-22 17:53:33,610 14245 140537045620480 views | user: AnonymousUser | used: CourseListView | method: get
INFO 2022-05-22 17:53:58,812 14245 140537045620480 views | user: AnonymousUser | used: CourseListView | method: get
INFO 2022-05-22 17:54:02,436 14245 140537045620480 views | user: AnonymousUser | used: CourseListView | method: get
INFO 2022-05-22 17:54:08,147 14245 140537045620480 views | user: AnonymousUser | used: CourseListView | method: get
INFO 2022-05-22 17:55:09,289 14245 140537045620480 views | user: AnonymousUser | used: CourseListView | method: get
INFO 2022-05-22 17:55:54,874 14245 140537045620480 views | user: AnonymousUser | used: CourseListView | method: get
INFO 2022-05-22 17:59:09,848 14245 140537045620480 views | user: AnonymousUser | used: CourseListView | method: get
INFO 2022-05-22 17:59:12,374 14245 140537045620480 views | user: AnonymousUser | used: CourseListView | method: get
INFO 2022-05-22 17:59:36,951 14245 140537045620480 views | user: AnonymousUser | used: CourseListView | method: get
INFO 2022-05-22 17:59:49,583 14245 140537045620480 views | user: AnonymousUser | used: CourseListView | method: get
INFO 2022-05-22 18:01:26,977 14245 140537045620480 views | user: admin | used: UserCourseListView | method: get_queryset
INFO 2022-05-22 18:01:29,087 14245 140537045620480 views | user: admin | used: CourseListView | method: get
INFO 2022-05-22 18:01:35,583 14245 140537045620480 views | user: admin | used: UserCourseListView | method: get_queryset
INFO 2022-05-22 18:01:38,388 14245 140537045620480 views | user: admin | used: CourseListView | method: get
INFO 2022-05-22 18:01:40,614 14245 140537045620480 views | user: admin | used: CourseListView | method: get
INFO 2022-05-22 18:09:03,736 14245 140537045620480 views | user: admin | used: CourseListView | method: get
INFO 2022-05-22 18:19:33,879 14245 140536958674688 views | user: admin | used: CourseListView | method: get
INFO 2022-05-22 18:19:45,330 14245 140536958674688 views | user: admin | used: UserCourseListView | method: get_queryset
INFO 2022-05-22 18:19:49,929 14245 140536958674688 views | user: admin | used: CourseListView | method: get
INFO 2022-05-22 18:19:52,985 14245 140536958674688 views | user: AnonymousUser | used: CourseListView | method: get
INFO 2022-05-22 18:20:17,688 14245 140536958674688 views | user: AnonymousUser | used: CourseListView | method: get
INFO 2022-05-22 18:22:15,709 14245 140536958674688 views | user: AnonymousUser | used: CourseListView | method: get
INFO 2022-05-22 18:22:17,342 14245 140536958674688 views | user: AnonymousUser | used: CourseListView | method: get
INFO 2022-05-22 18:39:14,511 14245 140536958674688 views | user: AnonymousUser | used: CourseListView | method: get
INFO 2022-05-22 18:49:22,856 14245 140536958674688 views | user: AnonymousUser | used: CourseListView | method: get
INFO 2022-05-22 18:51:41,547 14245 140536958674688 views | user: AnonymousUser | used: CourseListView | method: get
INFO 2022-05-22 18:52:09,322 14245 140536958674688 views | user: AnonymousUser | used: CourseListView | method: get
INFO 2022-05-22 18:53:36,862 14245 140536958674688 views | user: AnonymousUser | used: CourseListView | method: get
INFO 2022-05-22 18:54:17,942 14245 140536958674688 views | user: AnonymousUser | used: CourseListView | method: get
INFO 2022-05-22 18:54:35,409 14245 140536958674688 views | user: admin | used: UserCourseListView | method: get_queryset
INFO 2022-05-22 18:54:39,754 14245 140536958674688 views | user: admin | used: CourseListView | method: get
INFO 2022-05-22 18:55:33,821 14245 140536958674688 views | user: admin | used: CourseListView | method: get
INFO 2022-05-22 18:58:11,697 14245 140536958674688 views | user: admin | used: CourseListView | method: get
INFO 2022-05-22 19:00:47,050 14245 140536958674688 views | user: admin | used: CourseListView | method: get
INFO 2022-05-22 19:00:53,155 14245 140536958674688 views | user: admin | used: UserCourseListView | method: get_queryset
INFO 2022-05-22 19:03:27,744 14245 140536958674688 views | user: admin | used: UserCourseListView | method: get_queryset
INFO 2022-05-22 19:03:29,709 14245 140536958674688 views | user: admin | used: UserCourseListView | method: get_queryset
INFO 2022-05-22 19:04:48,667 14245 140536958674688 views | user: admin | used: UserCourseListView | method: get_queryset
INFO 2022-05-22 19:06:31,445 14245 140536958674688 views | user: admin | used: UserCourseListView | method: get_queryset
INFO 2022-05-22 19:08:45,123 14245 140536958674688 views | user: admin | used: UserCourseListView | method: get_queryset
INFO 2022-05-22 19:13:19,267 14245 140536958674688 views | user: admin | used: UserCourseListView | method: get_queryset
INFO 2022-05-22 19:13:45,764 14245 140536958674688 views | user: admin | used: UserCourseListView | method: get_queryset
INFO 2022-05-22 19:14:59,404 14245 140536958674688 views | user: admin | used: UserCourseListView | method: get_queryset
INFO 2022-05-22 19:15:26,384 14245 140536958674688 views | user: admin | used: UserCourseListView | method: get_queryset
INFO 2022-05-22 19:15:37,682 14245 140536958674688 views | user: admin | used: UserCourseListView | method: get_queryset
INFO 2022-05-22 19:16:52,584 14245 140536958674688 views | user: admin | used: UserCourseListView | method: get_queryset
INFO 2022-05-22 19:17:17,338 14245 140536958674688 views | user: admin | used: UserCourseListView | method: get_queryset
INFO 2022-05-22 19:17:25,634 14245 140536958674688 views | user: admin | used: UserCourseListView | method: get_queryset
INFO 2022-05-22 19:17:43,276 14245 140536958674688 views | user: admin | used: UserCourseListView | method: get_queryset
INFO 2022-05-22 19:18:20,792 14245 140536958674688 views | user: admin | used: UserCourseListView | method: get_queryset
INFO 2022-05-22 19:18:32,130 14245 140536958674688 views | user: admin | used: UserCourseListView | method: get_queryset
INFO 2022-05-22 19:18:51,439 14245 140536958674688 views | user: admin | used: UserCourseListView | method: get_queryset
INFO 2022-05-22 19:19:13,410 14245 140536958674688 views | user: admin | used: UserCourseListView | method: get_queryset
INFO 2022-05-22 19:19:26,260 14245 140536958674688 views | user: admin | used: UserCourseListView | method: get_queryset
INFO 2022-05-22 19:19:33,763 14245 140536958674688 views | user: admin | used: UserCourseListView | method: get_queryset
INFO 2022-05-22 19:20:26,367 14245 140536958674688 views | user: admin | used: UserCourseListView | method: get_queryset
INFO 2022-05-22 19:20:31,021 14245 140536958674688 views | user: AnonymousUser | used: CourseListView | method: get
INFO 2022-05-22 19:20:42,977 14245 140536958674688 views | user: nika | used: UserCourseListView | method: get_queryset
INFO 2022-05-22 19:21:53,402 14245 140536958674688 views | user: AnonymousUser | used: CourseListView | method: get
INFO 2022-05-22 19:21:58,756 14245 140536958674688 views | user: AnonymousUser | used: CourseListView | method: get
INFO 2022-05-22 19:22:18,571 14245 140536958674688 views | user: admin | used: UserCourseListView | method: get_queryset
INFO 2022-05-22 19:23:30,582 14245 140536958674688 views | user: admin | used: UserCourseListView | method: get_queryset
INFO 2022-05-22 19:34:40,345 14245 140537045620480 views | user: admin | used: UserCourseListView | method: get_queryset
INFO 2022-05-22 19:34:43,715 14245 140537045620480 views | user: admin | used: UserCourseListView | method: get_queryset
INFO 2022-05-22 19:37:09,216 14245 140537045620480 views | user: admin | used: UserCourseListView | method: get_queryset
INFO 2022-05-22 19:37:11,633 14245 140537045620480 views | user: admin | used: UserCourseListView | method: get_queryset
INFO 2022-05-22 19:37:12,456 14245 140537045620480 views | user: admin | used: UserCourseListView | method: get_queryset
INFO 2022-05-22 19:40:26,869 14245 140537045620480 views | user: admin | used: UserCourseListView | method: get_queryset
INFO 2022-05-22 19:40:29,201 14245 140537045620480 views | user: admin | used: UserCourseListView | method: get_queryset
INFO 2022-05-22 19:40:50,369 14245 140537045620480 views | user: admin | used: UserCourseListView | method: get_queryset
INFO 2022-05-22 19:41:23,018 14245 140537045620480 views | user: admin | used: UserCourseListView | method: get_queryset
INFO 2022-05-22 19:42:18,233 14245 140537045620480 views | user: admin | used: UserCourseListView | method: get_queryset
INFO 2022-05-22 19:42:19,753 14245 140537045620480 views | user: admin | used: UserCourseListView | method: get_queryset
INFO 2022-05-22 19:42:34,934 14245 140537045620480 views | user: admin | used: UserCourseListView | method: get_queryset
INFO 2022-05-22 19:42:36,154 14245 140537045620480 views | user: admin | used: UserCourseListView | method: get_queryset
INFO 2022-05-22 19:42:55,851 14245 140537045620480 views | user: admin | used: UserCourseListView | method: get_queryset
INFO 2022-05-22 19:43:10,651 14245 140537045620480 views | user: admin | used: UserCourseListView | method: get_queryset
INFO 2022-05-22 19:43:23,627 14245 140537045620480 views | user: admin | used: UserCourseListView | method: get_queryset
INFO 2022-05-22 19:44:18,152 14245 140537045620480 views | user: admin | used: UserCourseListView | method: get_queryset
INFO 2022-05-22 19:44:52,414 14245 140537045620480 views | user: admin | used: UserCourseListView | method: get_queryset
INFO 2022-05-22 19:45:06,502 14245 140537045620480 views | user: admin | used: UserCourseListView | method: get_queryset
INFO 2022-05-22 19:48:09,350 14245 140537045620480 views | user: admin | used: UserCourseListView | method: get_queryset
INFO 2022-05-22 19:48:25,757 14245 140537045620480 views | user: admin | used: UserCourseListView | method: get_queryset
INFO 2022-05-22 19:48:39,174 14245 140537045620480 views | user: admin | used: UserCourseListView | method: get_queryset
INFO 2022-05-22 19:48:59,362 14245 140537045620480 views | user: admin | used: UserCourseListView | method: get_queryset
INFO 2022-05-22 19:49:10,512 14245 140537045620480 views | user: admin | used: UserCourseListView | method: get_queryset
INFO 2022-05-22 19:49:23,447 14245 140537045620480 views | user: admin | used: UserCourseListView | method: get_queryset
INFO 2022-05-22 19:49:44,042 14245 140537045620480 views | user: admin | used: UserCourseListView | method: get_queryset
INFO 2022-05-22 19:50:14,209 14245 140537045620480 views | user: admin | used: UserCourseListView | method: get_queryset
INFO 2022-05-22 19:50:48,107 14245 140537045620480 views | user: admin | used: UserCourseListView | method: get_queryset
INFO 2022-05-22 19:50:54,375 14245 140537045620480 views | user: admin | used: UserCourseListView | method: get_queryset
INFO 2022-05-22 19:51:17,155 14245 140537045620480 views | user: admin | used: UserCourseListView | method: get_queryset
INFO 2022-05-22 19:52:23,123 14245 140537045620480 views | user: admin | used: UserCourseListView | method: get_queryset
INFO 2022-05-22 19:52:33,404 14245 140537045620480 views | user: admin | used: UserCourseListView | method: get_queryset
INFO 2022-05-22 19:52:57,460 14245 140537045620480 views | user: admin | used: UserCourseListView | method: get_queryset
INFO 2022-05-22 19:53:08,887 14245 140537045620480 views | user: admin | used: UserCourseListView | method: get_queryset
INFO 2022-05-22 19:53:27,202 14245 140537045620480 views | user: admin | used: CourseListView | method: get
INFO 2022-05-22 19:53:53,971 14245 140537045620480 views | user: admin | used: UserCourseListView | method: get_queryset
INFO 2022-05-22 19:53:56,895 14245 140537045620480 views | user: admin | used: CourseListView | method: get
INFO 2022-05-22 19:54:00,908 14245 140537045620480 views | user: admin | used: CourseListView | method: get
INFO 2022-05-22 19:55:50,322 14245 140537045620480 views | user: admin | used: CourseListView | method: get
INFO 2022-05-22 19:56:24,948 14245 140537045620480 views | user: AnonymousUser | used: CourseListView | method: get
INFO 2022-05-22 19:56:58,025 14245 140537045620480 views | user: AnonymousUser | used: CourseListView | method: get
INFO 2022-05-22 19:57:09,418 14245 140537045620480 views | user: AnonymousUser | used: CourseListView | method: get
INFO 2022-05-22 19:57:10,068 14245 140537045620480 views | user: AnonymousUser | used: CourseListView | method: get
INFO 2022-05-22 19:57:54,355 14245 140537045620480 views | user: nika | used: UserCourseListView | method: get_queryset
INFO 2022-05-22 19:58:00,050 14245 140537045620480 views | user: nika | used: CourseListView | method: get
INFO 2022-05-22 20:15:11,095 14245 140537045620480 views | user: nika | used: CourseListView | method: get
INFO 2022-05-22 20:15:21,182 14245 140537045620480 views | user: nika | used: UserCourseListView | method: get_queryset
INFO 2022-05-22 20:15:25,876 14245 140537045620480 views | user: nika | used: CourseListView | method: get
INFO 2022-05-22 20:17:10,979 14245 140537045620480 views | user: nika | used: CourseListView | method: get
INFO 2022-05-22 20:47:35,319 3843 140353775494912 views | user: admin | used: CourseListView | method: get
INFO 2022-05-22 20:47:41,146 3843 140353775494912 views | user: admin | used: UserCourseListView | method: get_queryset
INFO 2022-05-22 20:47:44,265 3843 140353775494912 views | user: admin | used: CourseListView | method: get
INFO 2022-05-22 20:47:47,737 3843 140353775494912 views | user: admin | used: CourseListView | method: get
INFO 2022-05-22 20:47:54,474 3843 140353775494912 views | user: admin | used: CourseListView | method: get
INFO 2022-05-22 20:47:56,112 3843 140353775494912 views | user: admin | used: UserCourseListView | method: get_queryset
INFO 2022-05-22 20:47:58,072 3843 140353775494912 views | user: admin | used: CourseListView | method: get
INFO 2022-05-22 20:58:35,215 4779 140104961365760 views | user: admin | used: CourseListView | method: get
INFO 2022-05-22 20:58:39,102 4779 140104961365760 views | user: admin | used: CourseListView | method: get
INFO 2022-05-22 20:58:44,107 4779 140104961365760 views | user: AnonymousUser | used: CourseListView | method: get
INFO 2022-05-22 20:59:04,077 4779 140104961365760 views | user: admin | used: UserCourseListView | method: get_queryset
INFO 2022-05-22 20:59:06,654 4779 140104961365760 views | user: admin | used: CourseListView | method: get
INFO 2022-05-22 21:05:37,895 5951 139806902802176 views | user: admin | used: CourseListView | method: get
INFO 2022-05-22 21:05:52,436 5951 139806902802176 views | user: admin | used: CourseListView | method: get
INFO 2022-05-22 21:05:59,294 5951 139806902802176 views | user: admin | used: UserCourseListView | method: get_queryset
INFO 2022-05-22 21:06:01,391 5951 139806902802176 views | user: admin | used: CourseListView | method: get
INFO 2022-05-22 21:06:06,342 5951 139806902802176 views | user: AnonymousUser | used: CourseListView | method: get
INFO 2022-05-22 21:14:46,745 5951 139806814234368 views | user: admin | used: CourseListView | method: get
INFO 2022-05-22 21:14:50,615 5951 139806814234368 views | user: admin | used: CourseDetailView | method: get_context_data
INFO 2022-05-22 21:14:54,547 5951 139806814234368 views | user: admin | used: UserRegistrationCoursesView | method: form_valid
INFO 2022-05-22 21:14:54,616 5951 139806814234368 views | user: admin | used: UserCourseDetailView | method: get_queryset
INFO 2022-05-22 21:14:54,635 5951 139806814234368 views | user: admin | used: UserCourseDetailView | method: get_queryset
INFO 2022-05-22 21:14:54,635 5951 139806814234368 views | user: admin | used: UserCourseDetailView | method: get_queryset
INFO 2022-05-22 21:23:29,225 5951 139806814234368 views | user: admin | used: CourseListView | method: get
INFO 2022-05-22 21:23:32,812 5951 139806814234368 views | user: admin | used: CourseDetailView | method: get_context_data
INFO 2022-05-22 21:23:36,452 5951 139806814234368 views | user: admin | used: UserRegistrationCoursesView | method: form_valid
INFO 2022-05-22 21:23:36,476 5951 139806814234368 views | user: admin | used: UserCourseDetailView | method: get_queryset
INFO 2022-05-22 21:23:36,483 5951 139806814234368 views | user: admin | used: UserCourseDetailView | method: get_queryset
INFO 2022-05-22 21:23:36,483 5951 139806814234368 views | user: admin | used: UserCourseDetailView | method: get_queryset
INFO 2022-05-22 21:23:39,337 5951 139806814234368 views | user: admin | used: UserCourseDetailView | method: get_queryset
INFO 2022-05-22 21:23:39,342 5951 139806814234368 views | user: admin | used: UserCourseDetailView | method: get_queryset
INFO 2022-05-22 21:23:39,342 5951 139806814234368 views | user: admin | used: UserCourseDetailView | method: get_queryset
INFO 2022-05-22 21:23:53,861 5951 139806814234368 views | user: admin | used: CourseListView | method: get
INFO 2022-05-22 21:23:57,161 5951 139806814234368 views | user: AnonymousUser | used: CourseListView | method: get
INFO 2022-05-22 21:24:36,237 5951 139806814234368 views | user: nika | used: UserCourseListView | method: get_queryset
INFO 2022-05-22 21:24:39,681 5951 139806814234368 views | user: nika | used: UserCourseListView | method: get_queryset
INFO 2022-05-22 21:24:44,606 5951 139806814234368 views | user: nika | used: CourseListView | method: get
INFO 2022-05-22 21:24:47,595 5951 139806814234368 views | user: nika | used: UserCourseListView | method: get_queryset
INFO 2022-05-22 21:25:01,704 5951 139806814234368 views | user: nika | used: UserCourseDetailView | method: get_queryset
INFO 2022-05-22 21:25:01,705 5951 139806814234368 views | user: nika | used: UserCourseDetailView | method: get_queryset
INFO 2022-05-22 21:25:01,705 5951 139806814234368 views | user: nika | used: UserCourseDetailView | method: get_queryset
INFO 2022-05-22 21:25:03,878 5951 139806814234368 views | user: nika | used: UserCourseDetailView | method: get_queryset
INFO 2022-05-22 21:25:03,883 5951 139806814234368 views | user: nika | used: UserCourseDetailView | method: get_queryset
INFO 2022-05-22 21:25:03,883 5951 139806814234368 views | user: nika | used: UserCourseDetailView | method: get_queryset
INFO 2022-05-22 21:25:09,960 5951 139806814234368 views | user: nika | used: UserCourseDetailView | method: get_queryset
INFO 2022-05-22 21:25:09,965 5951 139806814234368 views | user: nika | used: UserCourseDetailView | method: get_queryset
INFO 2022-05-22 21:25:09,965 5951 139806814234368 views | user: nika | used: UserCourseDetailView | method: get_queryset
INFO 2022-05-22 21:29:48,150 5951 139806814234368 views | user: nika | used: UserCourseListView | method: get_queryset
INFO 2022-05-22 21:32:06,698 5951 139806814234368 views | user: admin | used: CourseListView | method: get
INFO 2022-05-22 21:32:10,700 5951 139806814234368 views | user: admin | used: CourseListView | method: get
INFO 2022-05-22 21:32:15,724 5951 139806814234368 views | user: admin | used: CourseDetailView | method: get_context_data
INFO 2022-05-22 21:32:19,325 5951 139806814234368 views | user: admin | used: UserRegistrationCoursesView | method: form_valid
INFO 2022-05-22 21:32:19,365 5951 139806814234368 views | user: admin | used: UserCourseDetailView | method: get_queryset
INFO 2022-05-22 21:32:19,366 5951 139806814234368 views | user: admin | used: UserCourseDetailView | method: get_queryset
INFO 2022-05-22 21:32:19,366 5951 139806814234368 views | user: admin | used: UserCourseDetailView | method: get_queryset
INFO 2022-05-22 21:42:50,564 8815 140502918846208 views | user: admin | used: UserCourseDetailView | method: get_queryset
INFO 2022-05-22 21:42:50,565 8815 140502918846208 views | user: admin | used: UserCourseDetailView | method: get_queryset
INFO 2022-05-22 21:42:50,567 8815 140502918846208 views | user: admin | used: UserCourseDetailView | method: get_queryset
INFO 2022-05-22 21:43:03,044 8815 140502918846208 views | user: admin | used: UserCourseListView | method: get_queryset
INFO 2022-05-22 21:43:11,002 8815 140502918846208 views | user: admin | used: CourseListView | method: get
INFO 2022-05-22 21:43:21,089 8815 140502918846208 views | user: AnonymousUser | used: CourseListView | method: get
ERROR 2022-05-22 21:55:00,847 9942 140510725404416 views AnonymousUser | already registered
ERROR 2022-05-22 21:55:32,303 9942 140510725404416 views AnonymousUser | already registered
ERROR 2022-05-22 21:55:59,817 9942 140510725404416 views AnonymousUser | already registered
INFO 2022-05-22 21:57:06,919 9942 140510725404416 views | user: AnonymousUser | used: SignUpView | method: form is valid
ERROR 2022-05-23 14:39:24,954 9942 140510703261440 views AnonymousUser | already registered
INFO 2022-05-23 14:39:59,738 9942 140510703261440 views | user: Piter | used: UserCourseListView | method: get_queryset
INFO 2022-05-23 14:40:11,062 9942 140510703261440 views | user: Piter | used: CourseListView | method: get
INFO 2022-05-23 14:40:16,301 9942 140510703261440 views | user: Piter | used: CourseDetailView | method: get_context_data
INFO 2022-05-23 14:40:21,591 9942 140510703261440 views | user: Piter | used: CourseListView | method: get
INFO 2022-05-23 14:40:23,979 9942 140510703261440 views | user: Piter | used: CourseDetailView | method: get_context_data
INFO 2022-05-23 14:40:26,842 9942 140510703261440 views | user: Piter | used: UserRegistrationCoursesView | method: form_valid
INFO 2022-05-23 14:40:26,883 9942 140510703261440 views | user: Piter | used: UserCourseDetailView | method: get_queryset
INFO 2022-05-23 14:40:26,884 9942 140510703261440 views | user: Piter | used: UserCourseDetailView | method: get_queryset
INFO 2022-05-23 14:40:26,884 9942 140510703261440 views | user: Piter | used: UserCourseDetailView | method: get_queryset
INFO 2022-05-23 14:40:29,292 9942 140510703261440 views | user: Piter | used: UserCourseDetailView | method: get_queryset
INFO 2022-05-23 14:40:29,296 9942 140510703261440 views | user: Piter | used: UserCourseDetailView | method: get_queryset
INFO 2022-05-23 14:40:29,296 9942 140510703261440 views | user: Piter | used: UserCourseDetailView | method: get_queryset
INFO 2022-05-23 14:40:30,533 9942 140510703261440 views | user: Piter | used: CourseListView | method: get
INFO 2022-05-23 14:40:32,995 9942 140510703261440 views | user: Piter | used: ManageCourseListView | method: get_queryset
INFO 2022-05-23 14:40:50,677 9942 140510703261440 views | user: AnonymousUser | used: CourseListView | method: get
INFO 2022-05-23 15:05:10,507 14711 139716285142784 views | user: Piter | used: UserCourseListView | method: get_queryset
INFO 2022-05-23 15:05:14,037 14711 139716285142784 views | user: Piter | used: ManageCourseListView | method: get_queryset
INFO 2022-05-23 15:08:00,903 15062 140535069116160 views | user: Piter | used: ManageCourseListView | method: get_queryset
INFO 2022-05-23 15:10:16,760 15062 140535069116160 views | user: Piter | used: ManageCourseListView | method: get_queryset
INFO 2022-05-23 15:12:34,474 15062 140535069116160 views | user: Piter | used: ManageCourseListView | method: get_queryset
INFO 2022-05-23 15:13:17,280 15062 140535069116160 views | user: Piter | used: ManageCourseListView | method: get_queryset
INFO 2022-05-23 15:13:18,606 15062 140535069116160 views | user: Piter | used: ManageCourseListView | method: get_queryset
INFO 2022-05-23 15:13:31,250 15062 140535069116160 views | user: Piter | used: ManageCourseListView | method: get_queryset
INFO 2022-05-23 15:16:16,398 15062 140535069116160 views | user: Piter | used: ManageCourseListView | method: get_queryset
INFO 2022-05-23 15:16:24,998 15062 140535069116160 views | user: Piter | used: CourseModuleUpdateView | method: dispatch
INFO 2022-05-23 15:16:24,999 15062 140535069116160 views | user: Piter | used: CourseModuleUpdateView | method: get
INFO 2022-05-23 15:16:24,999 15062 140535069116160 views | user: Piter | used: CourseModuleUpdateView | method: get_queryset
INFO 2022-05-23 15:17:08,197 15062 140535069116160 views | user: Piter | used: CourseModuleUpdateView | method: dispatch
INFO 2022-05-23 15:17:08,198 15062 140535069116160 views | user: Piter | used: CourseModuleUpdateView | method: get
INFO 2022-05-23 15:17:08,198 15062 140535069116160 views | user: Piter | used: CourseModuleUpdateView | method: get_queryset
INFO 2022-05-23 15:17:10,172 15062 140535069116160 views | user: Piter | used: CourseModuleUpdateView | method: dispatch
INFO 2022-05-23 15:17:10,175 15062 140535069116160 views | user: Piter | used: CourseModuleUpdateView | method: get
INFO 2022-05-23 15:17:10,175 15062 140535069116160 views | user: Piter | used: CourseModuleUpdateView | method: get_queryset
INFO 2022-05-23 15:17:57,329 15062 140535069116160 views | user: Piter | used: CourseModuleUpdateView | method: dispatch
INFO 2022-05-23 15:17:57,331 15062 140535069116160 views | user: Piter | used: CourseModuleUpdateView | method: post
INFO 2022-05-23 15:17:57,331 15062 140535069116160 views | user: Piter | used: CourseModuleUpdateView | method: get_queryset
INFO 2022-05-23 15:17:57,348 15062 140535069116160 views | user: Piter | used: ManageCourseListView | method: get_queryset
INFO 2022-05-23 15:18:04,264 15062 140535069116160 views | user: Piter | used: ManageCourseListView | method: get_queryset
INFO 2022-05-23 15:19:01,996 15062 140535069116160 views | user: Piter | used: ManageCourseListView | method: get_queryset
INFO 2022-05-23 15:19:42,961 15062 140535069116160 views | user: Piter | used: ManageCourseListView | method: get_queryset
INFO 2022-05-23 15:19:59,958 15062 140535069116160 views | user: Piter | used: ManageCourseListView | method: get_queryset
INFO 2022-05-23 15:20:04,861 15062 140535069116160 views | user: AnonymousUser | used: CourseListView | method: get
INFO 2022-05-23 15:20:30,945 15062 140535069116160 views | user: admin | used: UserCourseListView | method: get_queryset
INFO 2022-05-23 15:20:37,585 15062 140535069116160 views | user: admin | used: CourseListView | method: get
INFO 2022-05-23 15:20:41,204 15062 140535069116160 views | user: admin | used: CourseDetailView | method: get_context_data
INFO 2022-05-23 15:20:44,615 15062 140535069116160 views | user: admin | used: UserRegistrationCoursesView | method: form_valid
INFO 2022-05-23 15:20:44,647 15062 140535069116160 views | user: admin | used: UserCourseDetailView | method: get_queryset
INFO 2022-05-23 15:20:44,648 15062 140535069116160 views | user: admin | used: UserCourseDetailView | method: get_queryset
INFO 2022-05-23 15:20:44,648 15062 140535069116160 views | user: admin | used: UserCourseDetailView | method: get_queryset
INFO 2022-05-23 15:20:47,609 15062 140535069116160 views | user: admin | used: CourseListView | method: get
INFO 2022-05-23 15:20:53,319 15062 140535069116160 views | user: AnonymousUser | used: CourseListView | method: get
INFO 2022-05-23 15:21:02,472 15062 140535069116160 views | user: nika | used: UserCourseListView | method: get_queryset
INFO 2022-05-23 15:21:08,411 15062 140535069116160 views | user: nika | used: CourseListView | method: get
INFO 2022-05-23 15:21:10,591 15062 140535069116160 views | user: nika | used: CourseDetailView | method: get_context_data
INFO 2022-05-23 15:21:12,255 15062 140535069116160 views | user: nika | used: UserRegistrationCoursesView | method: form_valid
INFO 2022-05-23 15:21:12,285 15062 140535069116160 views | user: nika | used: UserCourseDetailView | method: get_queryset
INFO 2022-05-23 15:21:12,286 15062 140535069116160 views | user: nika | used: UserCourseDetailView | method: get_queryset
INFO 2022-05-23 15:21:12,286 15062 140535069116160 views | user: nika | used: UserCourseDetailView | method: get_queryset
INFO 2022-05-23 15:21:14,408 15062 140535069116160 views | user: nika | used: UserCourseListView | method: get_queryset
INFO 2022-05-23 15:21:34,190 15062 140535069116160 views | user: nika | used: CourseListView | method: get
INFO 2022-05-23 16:01:01,978 3188 140624409917184 views | user: admin | used: CourseListView | method: get
INFO 2022-05-23 16:01:25,878 3188 140624409917184 views | user: AnonymousUser | used: CourseListView | method: get
INFO 2022-05-23 16:01:28,791 3188 140624409917184 views | user: AnonymousUser | used: CourseListView | method: get
INFO 2022-05-23 16:04:23,017 3188 140624409917184 views | user: AnonymousUser | used: SignUpView | method: form is valid
INFO 2022-05-23 16:04:37,435 3188 140624409917184 views | user: ser | used: UserCourseListView | method: get_queryset
INFO 2022-05-23 16:04:40,318 3188 140624409917184 views | user: ser | used: UserCourseListView | method: get_queryset
INFO 2022-05-23 16:04:42,687 3188 140624409917184 views | user: ser | used: CourseListView | method: get
INFO 2022-05-23 16:05:02,106 3188 140624409917184 views | user: AnonymousUser | used: CourseListView | method: get
INFO 2022-05-23 16:06:29,538 3188 140624409917184 views | user: Piter | used: UserCourseListView | method: get_queryset
INFO 2022-05-23 16:06:36,809 3188 140624409917184 views | user: Piter | used: ManageCourseListView | method: get_queryset
INFO 2022-05-23 16:06:44,639 3188 140624409917184 views | user: AnonymousUser | used: CourseListView | method: get
INFO 2022-05-23 16:06:57,959 3188 140624409917184 views | user: admin | used: UserCourseListView | method: get_queryset
INFO 2022-05-23 18:11:15,754 7030 140110234662656 views | user: admin | used: CourseListView | method: get
INFO 2022-05-23 18:11:24,486 7030 140110234662656 views | user: admin | used: CourseListView | method: get
INFO 2022-05-23 18:11:27,784 7030 140110234662656 views | user: admin | used: CourseListView | method: get
INFO 2022-05-23 18:14:30,652 7030 140110234662656 views | user: admin | used: CourseListView | method: get
INFO 2022-05-23 18:14:33,547 7030 140110234662656 views | user: admin | used: CourseListView | method: get
INFO 2022-05-23 18:14:36,315 7030 140110234662656 views | user: admin | used: UserCourseListView | method: get_queryset
INFO 2022-05-23 18:14:38,160 7030 140110234662656 views | user: admin | used: CourseListView | method: get
INFO 2022-05-23 18:16:20,351 7030 140110234662656 views | user: admin | used: CourseListView | method: get
INFO 2022-05-23 18:16:22,985 7030 140110234662656 views | user: admin | used: CourseListView | method: get
INFO 2022-05-23 18:16:24,944 7030 140110234662656 views | user: admin | used: UserCourseListView | method: get_queryset
INFO 2022-05-23 18:16:31,106 7030 140110234662656 views | user: admin | used: CourseListView | method: get
INFO 2022-05-23 18:32:59,333 3559 139652022019840 views | user: admin | used: CourseListView | method: get
INFO 2022-05-23 18:33:01,704 3559 139652022019840 views | user: admin | used: CourseDetailView | method: get_context_data
INFO 2022-05-23 18:33:03,818 3559 139652022019840 views | user: admin | used: UserRegistrationCoursesView | method: form_valid
INFO 2022-05-23 18:33:03,880 3559 139652022019840 views | user: admin | used: UserCourseDetailView | method: get_queryset
INFO 2022-05-23 18:33:03,884 3559 139652022019840 views | user: admin | used: UserCourseDetailView | method: get_queryset
INFO 2022-05-23 18:33:03,884 3559 139652022019840 views | user: admin | used: UserCourseDetailView | method: get_queryset
INFO 2022-05-23 18:33:05,900 3559 139652022019840 views | user: admin | used: UserCourseDetailView | method: get_queryset
INFO 2022-05-23 18:33:05,902 3559 139652022019840 views | user: admin | used: UserCourseDetailView | method: get_queryset
INFO 2022-05-23 18:33:05,904 3559 139652022019840 views | user: admin | used: UserCourseDetailView | method: get_queryset
INFO 2022-05-23 18:33:08,755 3559 139652022019840 views | user: admin | used: UserCourseDetailView | method: get_queryset
INFO 2022-05-23 18:33:08,758 3559 139652022019840 views | user: admin | used: UserCourseDetailView | method: get_queryset
INFO 2022-05-23 18:33:08,759 3559 139652022019840 views | user: admin | used: UserCourseDetailView | method: get_queryset
INFO 2022-05-23 18:33:11,257 3559 139652022019840 views | user: admin | used: UserCourseDetailView | method: get_queryset
INFO 2022-05-23 18:33:11,259 3559 139652022019840 views | user: admin | used: UserCourseDetailView | method: get_queryset
INFO 2022-05-23 18:33:11,260 3559 139652022019840 views | user: admin | used: UserCourseDetailView | method: get_queryset
INFO 2022-05-23 18:33:12,928 3559 139652022019840 views | user: admin | used: UserCourseDetailView | method: get_queryset
INFO 2022-05-23 18:33:12,934 3559 139652022019840 views | user: admin | used: UserCourseDetailView | method: get_queryset
INFO 2022-05-23 18:33:12,934 3559 139652022019840 views | user: admin | used: UserCourseDetailView | method: get_queryset
INFO 2022-05-23 18:33:14,602 3559 139652022019840 views | user: admin | used: UserCourseDetailView | method: get_queryset
INFO 2022-05-23 18:33:14,605 3559 139652022019840 views | user: admin | used: UserCourseDetailView | method: get_queryset
INFO 2022-05-23 18:33:14,605 3559 139652022019840 views | user: admin | used: UserCourseDetailView | method: get_queryset
INFO 2022-05-23 18:33:16,297 3559 139652022019840 views | user: admin | used: UserCourseDetailView | method: get_queryset
INFO 2022-05-23 18:33:16,300 3559 139652022019840 views | user: admin | used: UserCourseDetailView | method: get_queryset
INFO 2022-05-23 18:33:16,304 3559 139652022019840 views | user: admin | used: UserCourseDetailView | method: get_queryset
INFO 2022-05-23 18:33:21,419 3559 139652022019840 views | user: admin | used: UserCourseDetailView | method: get_queryset
INFO 2022-05-23 18:33:21,427 3559 139652022019840 views | user: admin | used: UserCourseDetailView | method: get_queryset
INFO 2022-05-23 18:33:21,433 3559 139652022019840 views | user: admin | used: UserCourseDetailView | method: get_queryset
INFO 2022-05-23 18:33:27,098 3559 139652022019840 views | user: AnonymousUser | used: CourseListView | method: get
INFO 2022-05-23 18:33:47,507 3559 139652022019840 views | user: nika | used: UserCourseListView | method: get_queryset
INFO 2022-05-23 18:33:50,519 3559 139652022019840 views | user: nika | used: CourseListView | method: get
INFO 2022-05-23 18:33:52,861 3559 139652022019840 views | user: nika | used: CourseDetailView | method: get_context_data
INFO 2022-05-23 18:33:55,068 3559 139652022019840 views | user: nika | used: UserRegistrationCoursesView | method: form_valid
INFO 2022-05-23 18:33:55,101 3559 139652022019840 views | user: nika | used: UserCourseDetailView | method: get_queryset
INFO 2022-05-23 18:33:55,102 3559 139652022019840 views | user: nika | used: UserCourseDetailView | method: get_queryset
INFO 2022-05-23 18:33:55,102 3559 139652022019840 views | user: nika | used: UserCourseDetailView | method: get_queryset
INFO 2022-05-23 18:33:57,245 3559 139652022019840 views | user: nika | used: UserCourseDetailView | method: get_queryset
INFO 2022-05-23 18:33:57,249 3559 139652022019840 views | user: nika | used: UserCourseDetailView | method: get_queryset
INFO 2022-05-23 18:33:57,249 3559 139652022019840 views | user: nika | used: UserCourseDetailView | method: get_queryset
INFO 2022-05-23 18:35:56,308 3559 139652022019840 views | user: nika | used: CourseListView | method: get
INFO 2022-05-23 18:37:08,173 3559 139652022019840 views | user: nika | used: UserCourseListView | method: get_queryset
INFO 2022-05-23 18:37:12,490 3559 139652022019840 views | user: nika | used: UserCourseDetailView | method: get_queryset
INFO 2022-05-23 18:37:12,492 3559 139652022019840 views | user: nika | used: UserCourseDetailView | method: get_queryset
INFO 2022-05-23 18:37:12,493 3559 139652022019840 views | user: nika | used: UserCourseDetailView | method: get_queryset
INFO 2022-05-23 18:38:11,595 3559 139652022019840 views | user: AnonymousUser | used: CourseListView | method: get
INFO 2022-05-23 18:38:14,190 3559 139652022019840 views | user: AnonymousUser | used: CourseDetailView | method: get_context_data
INFO 2022-05-23 18:38:18,056 3559 139652022019840 views | user: AnonymousUser | used: CourseListView | method: get
INFO 2022-05-23 18:38:21,114 3559 139652022019840 views | user: AnonymousUser | used: CourseDetailView | method: get_context_data
INFO 2022-05-23 18:38:23,275 3559 139652022019840 views | user: AnonymousUser | used: CourseListView | method: get
INFO 2022-05-23 18:38:29,103 3559 139652022019840 views | user: AnonymousUser | used: CourseDetailView | method: get_context_data
INFO 2022-05-23 18:38:31,628 3559 139652022019840 views | user: AnonymousUser | used: CourseListView | method: get
INFO 2022-05-23 18:38:33,133 3559 139652022019840 views | user: AnonymousUser | used: CourseListView | method: get
INFO 2022-05-23 18:38:37,683 3559 139652022019840 views | user: AnonymousUser | used: CourseDetailView | method: get_context_data
INFO 2022-05-23 18:38:49,138 3559 139652022019840 views | user: AnonymousUser | used: CourseDetailView | method: get_context_data
INFO 2022-05-23 18:43:55,676 3559 139652022019840 views | user: admin | used: UserCourseListView | method: get_queryset
INFO 2022-05-23 18:43:58,394 3559 139652022019840 views | user: admin | used: UserCourseDetailView | method: get_queryset
INFO 2022-05-23 18:43:58,398 3559 139652022019840 views | user: admin | used: UserCourseDetailView | method: get_queryset
INFO 2022-05-23 18:43:58,398 3559 139652022019840 views | user: admin | used: UserCourseDetailView | method: get_queryset
INFO 2022-05-23 18:44:00,136 3559 139652022019840 views | user: admin | used: UserCourseDetailView | method: get_queryset
INFO 2022-05-23 18:44:00,138 3559 139652022019840 views | user: admin | used: UserCourseDetailView | method: get_queryset
INFO 2022-05-23 18:44:00,140 3559 139652022019840 views | user: admin | used: UserCourseDetailView | method: get_queryset
INFO 2022-05-23 18:44:04,368 3559 139652022019840 views | user: admin | used: UserCourseDetailView | method: get_queryset
INFO 2022-05-23 18:44:04,370 3559 139652022019840 views | user: admin | used: UserCourseDetailView | method: get_queryset
INFO 2022-05-23 18:44:04,371 3559 139652022019840 views | user: admin | used: UserCourseDetailView | method: get_queryset
INFO 2022-05-23 18:44:43,064 3559 139652022019840 views | user: admin | used: UserCourseDetailView | method: get_queryset
INFO 2022-05-23 18:44:43,067 3559 139652022019840 views | user: admin | used: UserCourseDetailView | method: get_queryset
INFO 2022-05-23 18:44:43,069 3559 139652022019840 views | user: admin | used: UserCourseDetailView | method: get_queryset
INFO 2022-05-23 18:44:44,862 3559 139652022019840 views | user: admin | used: UserCourseDetailView | method: get_queryset
INFO 2022-05-23 18:44:44,866 3559 139652022019840 views | user: admin | used: UserCourseDetailView | method: get_queryset
INFO 2022-05-23 18:44:44,866 3559 139652022019840 views | user: admin | used: UserCourseDetailView | method: get_queryset
INFO 2022-05-23 18:44:48,829 3559 139652022019840 views | user: admin | used: UserCourseDetailView | method: get_queryset
INFO 2022-05-23 18:44:48,831 3559 139652022019840 views | user: admin | used: UserCourseDetailView | method: get_queryset
INFO 2022-05-23 18:44:48,836 3559 139652022019840 views | user: admin | used: UserCourseDetailView | method: get_queryset
INFO 2022-05-23 18:46:08,178 3559 139652022019840 views | user: admin | used: UserCourseDetailView | method: get_queryset
INFO 2022-05-23 18:46:08,180 3559 139652022019840 views | user: admin | used: UserCourseDetailView | method: get_queryset
INFO 2022-05-23 18:46:08,181 3559 139652022019840 views | user: admin | used: UserCourseDetailView | method: get_queryset
INFO 2022-05-23 18:50:28,396 5216 140457060624128 views | user: admin | used: UserCourseDetailView | method: get_queryset
INFO 2022-05-23 18:50:28,429 5216 140457060624128 views | user: admin | used: UserCourseDetailView | method: get_queryset
INFO 2022-05-23 18:50:28,433 5216 140457060624128 views | user: admin | used: UserCourseDetailView | method: get_queryset
INFO 2022-05-23 18:50:34,272 5216 140457060624128 views | user: admin | used: UserCourseDetailView | method: get_queryset
INFO 2022-05-23 18:50:34,274 5216 140457060624128 views | user: admin | used: UserCourseDetailView | method: get_queryset
INFO 2022-05-23 18:50:34,275 5216 140457060624128 views | user: admin | used: UserCourseDetailView | method: get_queryset
INFO 2022-05-23 18:50:36,208 5216 140457060624128 views | user: admin | used: UserCourseDetailView | method: get_queryset
INFO 2022-05-23 18:50:36,216 5216 140457060624128 views | user: admin | used: UserCourseDetailView | method: get_queryset
INFO 2022-05-23 18:50:36,221 5216 140457060624128 views | user: admin | used: UserCourseDetailView | method: get_queryset
INFO 2022-05-23 18:50:38,349 5216 140457060624128 views | user: admin | used: UserCourseDetailView | method: get_queryset
INFO 2022-05-23 18:50:38,356 5216 140457060624128 views | user: admin | used: UserCourseDetailView | method: get_queryset
INFO 2022-05-23 18:50:38,360 5216 140457060624128 views | user: admin | used: UserCourseDetailView | method: get_queryset
INFO 2022-05-23 18:50:39,757 5216 140457060624128 views | user: admin | used: UserCourseDetailView | method: get_queryset
INFO 2022-05-23 18:50:39,761 5216 140457060624128 views | user: admin | used: UserCourseDetailView | method: get_queryset
INFO 2022-05-23 18:50:39,761 5216 140457060624128 views | user: admin | used: UserCourseDetailView | method: get_queryset
INFO 2022-05-23 18:51:13,138 5216 140457060624128 views | user: admin | used: UserCourseDetailView | method: get_queryset
INFO 2022-05-23 18:51:13,144 5216 140457060624128 views | user: admin | used: UserCourseDetailView | method: get_queryset
INFO 2022-05-23 18:51:13,145 5216 140457060624128 views | user: admin | used: UserCourseDetailView | method: get_queryset
INFO 2022-05-23 18:51:45,600 5216 140457060624128 views | user: admin | used: UserCourseDetailView | method: get_queryset
INFO 2022-05-23 18:51:45,601 5216 140457060624128 views | user: admin | used: UserCourseDetailView | method: get_queryset
INFO 2022-05-23 18:51:45,603 5216 140457060624128 views | user: admin | used: UserCourseDetailView | method: get_queryset
INFO 2022-05-23 18:51:57,905 5216 140457060624128 views | user: admin | used: UserCourseDetailView | method: get_queryset
INFO 2022-05-23 18:51:57,909 5216 140457060624128 views | user: admin | used: UserCourseDetailView | method: get_queryset
INFO 2022-05-23 18:51:57,911 5216 140457060624128 views | user: admin | used: UserCourseDetailView | method: get_queryset
INFO 2022-05-23 18:56:11,130 5216 140457060624128 views | user: admin | used: CourseListView | method: get
INFO 2022-05-23 18:56:16,578 5216 140457060624128 views | user: AnonymousUser | used: CourseListView | method: get
INFO 2022-05-23 18:56:39,548 5216 140457060624128 views | user: Piter | used: UserCourseListView | method: get_queryset
INFO 2022-05-23 18:56:44,354 5216 140457060624128 views | user: Piter | used: CourseListView | method: get
INFO 2022-05-23 18:56:47,138 5216 140457060624128 views | user: Piter | used: ManageCourseListView | method: get_queryset
INFO 2022-05-23 18:56:52,470 5216 140457060624128 views | user: Piter | used: ModuleContentListView | method: get
INFO 2022-05-23 18:56:57,600 5216 140457060624128 views | user: Piter | used: ContentCreateUpdateView | method: dispatch
INFO 2022-05-23 18:56:57,602 5216 140457060624128 views | user: Piter | used: ContentCreateUpdateView | method: get
INFO 2022-05-23 18:57:05,310 5216 140457060624128 views | user: Piter | used: ContentCreateUpdateView | method: dispatch
INFO 2022-05-23 18:57:05,313 5216 140457060624128 views | user: Piter | used: ContentCreateUpdateView | method: get
INFO 2022-05-23 18:58:40,967 5216 140457060624128 views | user: Piter | used: ContentCreateUpdateView | method: dispatch
INFO 2022-05-23 18:58:40,972 5216 140457060624128 views | user: Piter | used: ContentCreateUpdateView | method: post
INFO 2022-05-23 18:58:41,228 5216 140457060624128 views | user: Piter | used: ModuleContentListView | method: get
INFO 2022-05-23 18:58:48,480 5216 140457060624128 views | user: Piter | used: ContentCreateUpdateView | method: dispatch
INFO 2022-05-23 18:58:48,482 5216 140457060624128 views | user: Piter | used: ContentCreateUpdateView | method: get
INFO 2022-05-23 18:58:59,826 5216 140457060624128 views | user: Piter | used: CourseModuleUpdateView | method: dispatch
INFO 2022-05-23 18:58:59,830 5216 140457060624128 views | user: Piter | used: CourseModuleUpdateView | method: get
INFO 2022-05-23 18:58:59,833 5216 140457060624128 views | user: Piter | used: CourseModuleUpdateView | method: get_queryset
INFO 2022-05-23 19:01:23,972 5216 140457060624128 views | user: Piter | used: CourseModuleUpdateView | method: dispatch
INFO 2022-05-23 19:01:23,994 5216 140457060624128 views | user: Piter | used: CourseModuleUpdateView | method: get
INFO 2022-05-23 19:01:23,994 5216 140457060624128 views | user: Piter | used: CourseModuleUpdateView | method: get_queryset
INFO 2022-05-23 19:02:02,998 5216 140457060624128 views | user: Piter | used: CourseModuleUpdateView | method: dispatch
INFO 2022-05-23 19:02:03,002 5216 140457060624128 views | user: Piter | used: CourseModuleUpdateView | method: get
INFO 2022-05-23 19:02:03,002 5216 140457060624128 views | user: Piter | used: CourseModuleUpdateView | method: get_queryset
INFO 2022-05-23 19:02:10,151 5216 140457060624128 views | user: Piter | used: CourseModuleUpdateView | method: dispatch
INFO 2022-05-23 19:02:10,152 5216 140457060624128 views | user: Piter | used: CourseModuleUpdateView | method: post
INFO 2022-05-23 19:02:10,154 5216 140457060624128 views | user: Piter | used: CourseModuleUpdateView | method: get_queryset
INFO 2022-05-23 19:02:10,187 5216 140457060624128 views | user: Piter | used: ManageCourseListView | method: get_queryset
INFO 2022-05-23 19:02:15,274 5216 140457060624128 views | user: Piter | used: ModuleContentListView | method: get
INFO 2022-05-23 19:02:20,795 5216 140457060624128 views | user: Piter | used: ContentCreateUpdateView | method: dispatch
INFO 2022-05-23 19:02:20,798 5216 140457060624128 views | user: Piter | used: ContentCreateUpdateView | method: get
INFO 2022-05-23 19:02:56,579 5216 140457060624128 views | user: Piter | used: ContentCreateUpdateView | method: dispatch
INFO 2022-05-23 19:02:56,582 5216 140457060624128 views | user: Piter | used: ContentCreateUpdateView | method: post
INFO 2022-05-23 19:04:19,871 5216 140457060624128 views | user: Piter | used: ContentCreateUpdateView | method: dispatch
INFO 2022-05-23 19:04:19,879 5216 140457060624128 views | user: Piter | used: ContentCreateUpdateView | method: get
INFO 2022-05-23 19:06:10,727 5216 140457060624128 views | user: Piter | used: ContentCreateUpdateView | method: dispatch
INFO 2022-05-23 19:06:10,729 5216 140457060624128 views | user: Piter | used: ContentCreateUpdateView | method: get
INFO 2022-05-23 19:08:07,154 5216 140457060624128 views | user: Piter | used: ModuleContentListView | method: get
INFO 2022-05-23 19:08:31,984 5216 140457060624128 views | user: Piter | used: ModuleContentListView | method: get
INFO 2022-05-23 19:08:50,379 5216 140457060624128 views | user: Piter | used: ModuleContentListView | method: get
INFO 2022-05-23 19:09:05,928 5216 140457060624128 views | user: Piter | used: ModuleContentListView | method: get
INFO 2022-05-23 19:10:10,180 5216 140457060624128 views | user: Piter | used: ModuleContentListView | method: get
INFO 2022-05-23 19:10:36,525 5216 140457060624128 views | user: Piter | used: ModuleContentListView | method: get
INFO 2022-05-23 19:10:38,030 5216 140457060624128 views | user: Piter | used: ModuleContentListView | method: get
INFO 2022-05-23 19:10:51,420 5216 140457060624128 views | user: Piter | used: ModuleContentListView | method: get
INFO 2022-05-23 19:11:21,604 5216 140457060624128 views | user: Piter | used: ModuleContentListView | method: get
INFO 2022-05-23 19:11:38,457 5216 140457060624128 views | user: Piter | used: ModuleContentListView | method: get
INFO 2022-05-23 19:12:06,296 5216 140457060624128 views | user: Piter | used: ModuleContentListView | method: get
INFO 2022-05-23 19:12:08,795 5216 140457060624128 views | user: Piter | used: ModuleContentListView | method: get
INFO 2022-05-23 19:12:11,667 5216 140457060624128 views | user: Piter | used: ModuleContentListView | method: get
INFO 2022-05-23 19:12:22,285 5216 140457060624128 views | user: Piter | used: ModuleContentListView | method: get
INFO 2022-05-23 19:12:25,443 5216 140457060624128 views | user: Piter | used: ModuleContentListView | method: get
INFO 2022-05-23 19:14:03,963 5216 140457060624128 views | user: Piter | used: ModuleContentListView | method: get
INFO 2022-05-23 19:14:30,583 5216 140457060624128 views | user: Piter | used: ContentCreateUpdateView | method: dispatch
INFO 2022-05-23 19:14:30,586 5216 140457060624128 views | user: Piter | used: ContentCreateUpdateView | method: get
INFO 2022-05-23 19:15:22,626 5216 140457060624128 views | user: Piter | used: ContentCreateUpdateView | method: dispatch
INFO 2022-05-23 19:15:22,629 5216 140457060624128 views | user: Piter | used: ContentCreateUpdateView | method: get
INFO 2022-05-23 19:15:33,387 5216 140457060624128 views | user: Piter | used: ContentCreateUpdateView | method: dispatch
INFO 2022-05-23 19:15:33,399 5216 140457060624128 views | user: Piter | used: ContentCreateUpdateView | method: get
INFO 2022-05-23 19:15:42,806 5216 140457060624128 views | user: Piter | used: ContentCreateUpdateView | method: dispatch
INFO 2022-05-23 19:15:42,808 5216 140457060624128 views | user: Piter | used: ContentCreateUpdateView | method: get
INFO 2022-05-23 19:16:26,427 5216 140457060624128 views | user: Piter | used: ModuleContentListView | method: get
INFO 2022-05-23 19:16:29,523 5216 140457060624128 views | user: Piter | used: ModuleContentListView | method: get
INFO 2022-05-23 19:16:31,310 5216 140457060624128 views | user: Piter | used: ModuleContentListView | method: get
INFO 2022-05-23 19:16:32,956 5216 140457060624128 views | user: Piter | used: ModuleContentListView | method: get
INFO 2022-05-23 19:16:37,469 5216 140457060624128 views | user: Piter | used: CourseListView | method: get
INFO 2022-05-23 19:16:39,368 5216 140457060624128 views | user: Piter | used: CourseDetailView | method: get_context_data
INFO 2022-05-23 19:16:41,351 5216 140457060624128 views | user: Piter | used: UserRegistrationCoursesView | method: form_valid
INFO 2022-05-23 19:16:41,401 5216 140457060624128 views | user: Piter | used: UserCourseDetailView | method: get_queryset
INFO 2022-05-23 19:16:41,404 5216 140457060624128 views | user: Piter | used: UserCourseDetailView | method: get_queryset
INFO 2022-05-23 19:16:41,404 5216 140457060624128 views | user: Piter | used: UserCourseDetailView | method: get_queryset
INFO 2022-05-23 19:21:04,860 5216 140457060624128 views | user: Piter | used: UserCourseDetailView | method: get_queryset
INFO 2022-05-23 19:21:04,869 5216 140457060624128 views | user: Piter | used: UserCourseDetailView | method: get_queryset
INFO 2022-05-23 19:21:04,869 5216 140457060624128 views | user: Piter | used: UserCourseDetailView | method: get_queryset
INFO 2022-05-23 19:21:11,569 5216 140457060624128 views | user: Piter | used: UserCourseDetailView | method: get_queryset
INFO 2022-05-23 19:21:11,572 5216 140457060624128 views | user: Piter | used: UserCourseDetailView | method: get_queryset
INFO 2022-05-23 19:21:11,573 5216 140457060624128 views | user: Piter | used: UserCourseDetailView | method: get_queryset
INFO 2022-05-23 19:21:13,171 5216 140457060624128 views | user: Piter | used: UserCourseDetailView | method: get_queryset
INFO 2022-05-23 19:21:13,177 5216 140457060624128 views | user: Piter | used: UserCourseDetailView | method: get_queryset
INFO 2022-05-23 19:21:13,181 5216 140457060624128 views | user: Piter | used: UserCourseDetailView | method: get_queryset
INFO 2022-05-23 19:21:15,095 5216 140457060624128 views | user: Piter | used: UserCourseDetailView | method: get_queryset
INFO 2022-05-23 19:21:15,098 5216 140457060624128 views | user: Piter | used: UserCourseDetailView | method: get_queryset
INFO 2022-05-23 19:21:15,098 5216 140457060624128 views | user: Piter | used: UserCourseDetailView | method: get_queryset
INFO 2022-05-23 19:23:37,254 5216 140457060624128 views | user: Piter | used: UserCourseDetailView | method: get_queryset
INFO 2022-05-23 19:23:37,258 5216 140457060624128 views | user: Piter | used: UserCourseDetailView | method: get_queryset
INFO 2022-05-23 19:23:37,258 5216 140457060624128 views | user: Piter | used: UserCourseDetailView | method: get_queryset
INFO 2022-05-23 19:23:43,634 5216 140457060624128 views | user: Piter | used: UserCourseDetailView | method: get_queryset
INFO 2022-05-23 19:23:43,637 5216 140457060624128 views | user: Piter | used: UserCourseDetailView | method: get_queryset
INFO 2022-05-23 19:23:43,638 5216 140457060624128 views | user: Piter | used: UserCourseDetailView | method: get_queryset
INFO 2022-05-23 19:23:46,887 5216 140457060624128 views | user: Piter | used: UserCourseDetailView | method: get_queryset
INFO 2022-05-23 19:23:46,889 5216 140457060624128 views | user: Piter | used: UserCourseDetailView | method: get_queryset
INFO 2022-05-23 19:23:46,890 5216 140457060624128 views | user: Piter | used: UserCourseDetailView | method: get_queryset
INFO 2022-05-23 19:23:50,678 5216 140457060624128 views | user: Piter | used: ManageCourseListView | method: get_queryset
INFO 2022-05-23 19:23:54,488 5216 140457060624128 views | user: Piter | used: ModuleContentListView | method: get
INFO 2022-05-23 19:23:58,475 5216 140457060624128 views | user: Piter | used: ModuleContentListView | method: get
INFO 2022-05-23 19:24:02,851 5216 140457060624128 views | user: Piter | used: CourseModuleUpdateView | method: dispatch
INFO 2022-05-23 19:24:02,853 5216 140457060624128 views | user: Piter | used: CourseModuleUpdateView | method: get
INFO 2022-05-23 19:24:02,853 5216 140457060624128 views | user: Piter | used: CourseModuleUpdateView | method: get_queryset
INFO 2022-05-23 19:24:14,496 5216 140457060624128 views | user: Piter | used: CourseModuleUpdateView | method: dispatch
INFO 2022-05-23 19:24:14,506 5216 140457060624128 views | user: Piter | used: CourseModuleUpdateView | method: post
INFO 2022-05-23 19:24:14,513 5216 140457060624128 views | user: Piter | used: CourseModuleUpdateView | method: get_queryset
INFO 2022-05-23 19:24:14,541 5216 140457060624128 views | user: Piter | used: ManageCourseListView | method: get_queryset
INFO 2022-05-23 19:24:17,975 5216 140457060624128 views | user: Piter | used: ModuleContentListView | method: get
INFO 2022-05-23 19:24:22,208 5216 140457060624128 views | user: Piter | used: ContentCreateUpdateView | method: dispatch
INFO 2022-05-23 19:24:22,210 5216 140457060624128 views | user: Piter | used: ContentCreateUpdateView | method: get
INFO 2022-05-23 19:24:36,266 5216 140457060624128 views | user: Piter | used: ContentCreateUpdateView | method: dispatch
INFO 2022-05-23 19:24:36,268 5216 140457060624128 views | user: Piter | used: ContentCreateUpdateView | method: post
INFO 2022-05-23 19:24:36,323 5216 140457060624128 views | user: Piter | used: ModuleContentListView | method: get
INFO 2022-05-23 19:24:42,221 5216 140457060624128 views | user: Piter | used: ContentCreateUpdateView | method: dispatch
INFO 2022-05-23 19:24:42,223 5216 140457060624128 views | user: Piter | used: ContentCreateUpdateView | method: get
INFO 2022-05-23 19:25:04,781 5216 140457060624128 views | user: AnonymousUser | used: CourseListView | method: get
INFO 2022-05-23 19:25:18,791 5216 140457060624128 views | user: admin | used: UserCourseListView | method: get_queryset
INFO 2022-05-23 19:25:22,708 5216 140457060624128 views | user: admin | used: UserCourseDetailView | method: get_queryset
INFO 2022-05-23 19:25:22,710 5216 140457060624128 views | user: admin | used: UserCourseDetailView | method: get_queryset
INFO 2022-05-23 19:25:22,712 5216 140457060624128 views | user: admin | used: UserCourseDetailView | method: get_queryset
INFO 2022-05-23 19:25:39,978 5216 140457060624128 views | user: admin | used: UserCourseDetailView | method: get_queryset
INFO 2022-05-23 19:25:39,979 5216 140457060624128 views | user: admin | used: UserCourseDetailView | method: get_queryset
INFO 2022-05-23 19:25:39,980 5216 140457060624128 views | user: admin | used: UserCourseDetailView | method: get_queryset
INFO 2022-05-23 19:25:41,889 5216 140457060624128 views | user: admin | used: UserCourseDetailView | method: get_queryset
INFO 2022-05-23 19:25:41,894 5216 140457060624128 views | user: admin | used: UserCourseDetailView | method: get_queryset
INFO 2022-05-23 19:25:41,894 5216 140457060624128 views | user: admin | used: UserCourseDetailView | method: get_queryset
INFO 2022-05-23 19:25:52,586 5216 140457060624128 views | user: AnonymousUser | used: CourseListView | method: get
INFO 2022-05-23 19:26:31,456 5216 140457060624128 views | user: Piter | used: UserCourseListView | method: get_queryset
INFO 2022-05-23 19:26:34,211 5216 140457060624128 views | user: Piter | used: UserCourseDetailView | method: get_queryset
INFO 2022-05-23 19:26:34,212 5216 140457060624128 views | user: Piter | used: UserCourseDetailView | method: get_queryset
INFO 2022-05-23 19:26:34,213 5216 140457060624128 views | user: Piter | used: UserCourseDetailView | method: get_queryset
INFO 2022-05-23 19:32:57,359 5216 140457060624128 views | user: Piter | used: UserCourseDetailView | method: get_queryset
INFO 2022-05-23 19:32:57,362 5216 140457060624128 views | user: Piter | used: UserCourseDetailView | method: get_queryset
INFO 2022-05-23 19:32:57,365 5216 140457060624128 views | user: Piter | used: UserCourseDetailView | method: get_queryset
INFO 2022-05-23 19:34:51,931 5216 140457060624128 views | user: Piter | used: UserCourseDetailView | method: get_queryset
INFO 2022-05-23 19:34:51,934 5216 140457060624128 views | user: Piter | used: UserCourseDetailView | method: get_queryset
INFO 2022-05-23 19:34:51,938 5216 140457060624128 views | user: Piter | used: UserCourseDetailView | method: get_queryset
INFO 2022-05-23 19:35:44,452 5216 140457060624128 views | user: Piter | used: UserCourseDetailView | method: get_queryset
INFO 2022-05-23 19:35:44,460 5216 140457060624128 views | user: Piter | used: UserCourseDetailView | method: get_queryset
INFO 2022-05-23 19:35:44,462 5216 140457060624128 views | user: Piter | used: UserCourseDetailView | method: get_queryset
INFO 2022-05-23 19:36:56,501 5216 140457060624128 views | user: Piter | used: UserCourseDetailView | method: get_queryset
INFO 2022-05-23 19:36:56,503 5216 140457060624128 views | user: Piter | used: UserCourseDetailView | method: get_queryset
INFO 2022-05-23 19:36:56,505 5216 140457060624128 views | user: Piter | used: UserCourseDetailView | method: get_queryset
INFO 2022-05-23 19:36:58,502 5216 140457060624128 views | user: Piter | used: UserCourseDetailView | method: get_queryset
INFO 2022-05-23 19:36:58,506 5216 140457060624128 views | user: Piter | used: UserCourseDetailView | method: get_queryset
INFO 2022-05-23 19:36:58,506 5216 140457060624128 views | user: Piter | used: UserCourseDetailView | method: get_queryset
INFO 2022-05-23 19:37:11,223 5216 140457060624128 views | user: Piter | used: ManageCourseListView | method: get_queryset
INFO 2022-05-23 19:37:31,373 5216 140457060624128 views | user: Piter | used: ManageCourseListView | method: get_queryset
INFO 2022-05-23 19:37:33,683 5216 140457060624128 views | user: Piter | used: ModuleContentListView | method: get
INFO 2022-05-23 19:37:51,530 5216 140457060624128 views | user: Piter | used: ModuleContentListView | method: get
INFO 2022-05-23 19:37:53,364 5216 140457060624128 views | user: Piter | used: ContentCreateUpdateView | method: dispatch
INFO 2022-05-23 19:37:53,366 5216 140457060624128 views | user: Piter | used: ContentCreateUpdateView | method: get
INFO 2022-05-23 19:38:14,228 5216 140457060624128 views | user: Piter | used: ContentCreateUpdateView | method: dispatch
INFO 2022-05-23 19:38:14,229 5216 140457060624128 views | user: Piter | used: ContentCreateUpdateView | method: post
INFO 2022-05-23 19:38:35,472 5216 140457060624128 views | user: Piter | used: ContentCreateUpdateView | method: dispatch
INFO 2022-05-23 19:38:35,478 5216 140457060624128 views | user: Piter | used: ContentCreateUpdateView | method: post
INFO 2022-05-23 19:39:34,613 5216 140457060624128 views | user: Piter | used: ModuleContentListView | method: get
INFO 2022-05-23 19:39:37,240 5216 140457060624128 views | user: Piter | used: ContentCreateUpdateView | method: dispatch
INFO 2022-05-23 19:39:37,242 5216 140457060624128 views | user: Piter | used: ContentCreateUpdateView | method: get
INFO 2022-05-23 19:39:42,311 5216 140457060624128 views | user: Piter | used: ModuleContentListView | method: get
INFO 2022-05-23 19:39:47,358 5216 140457060624128 views | user: Piter | used: ModuleContentListView | method: get
INFO 2022-05-23 19:39:56,017 5216 140457060624128 views | user: Piter | used: CourseModuleUpdateView | method: dispatch
INFO 2022-05-23 19:39:56,020 5216 140457060624128 views | user: Piter | used: CourseModuleUpdateView | method: get
INFO 2022-05-23 19:39:56,021 5216 140457060624128 views | user: Piter | used: CourseModuleUpdateView | method: get_queryset
INFO 2022-05-23 19:40:08,295 5216 140457060624128 views | user: Piter | used: ContentCreateUpdateView | method: dispatch
INFO 2022-05-23 19:40:08,297 5216 140457060624128 views | user: Piter | used: ContentCreateUpdateView | method: get
INFO 2022-05-23 19:40:25,076 5216 140457060624128 views | user: Piter | used: ContentCreateUpdateView | method: dispatch
INFO 2022-05-23 19:40:25,080 5216 140457060624128 views | user: Piter | used: ContentCreateUpdateView | method: post
INFO 2022-05-23 19:40:25,163 5216 140457060624128 views | user: Piter | used: ModuleContentListView | method: get
INFO 2022-05-23 19:40:28,151 5216 140457060624128 views | user: Piter | used: CourseModuleUpdateView | method: dispatch
INFO 2022-05-23 19:40:28,160 5216 140457060624128 views | user: Piter | used: CourseModuleUpdateView | method: get
INFO 2022-05-23 19:40:28,160 5216 140457060624128 views | user: Piter | used: CourseModuleUpdateView | method: get_queryset
INFO 2022-05-23 19:40:31,111 5216 140457060624128 views | user: Piter | used: CourseListView | method: get
INFO 2022-05-23 19:40:33,036 5216 140457060624128 views | user: Piter | used: CourseDetailView | method: get_context_data
INFO 2022-05-23 19:40:34,740 5216 140457060624128 views | user: Piter | used: UserRegistrationCoursesView | method: form_valid
INFO 2022-05-23 19:40:34,785 5216 140457060624128 views | user: Piter | used: UserCourseDetailView | method: get_queryset
INFO 2022-05-23 19:40:34,786 5216 140457060624128 views | user: Piter | used: UserCourseDetailView | method: get_queryset
INFO 2022-05-23 19:40:34,786 5216 140457060624128 views | user: Piter | used: UserCourseDetailView | method: get_queryset
INFO 2022-05-23 19:40:38,526 5216 140457060624128 views | user: Piter | used: UserCourseDetailView | method: get_queryset
INFO 2022-05-23 19:40:38,528 5216 140457060624128 views | user: Piter | used: UserCourseDetailView | method: get_queryset
INFO 2022-05-23 19:40:38,529 5216 140457060624128 views | user: Piter | used: UserCourseDetailView | method: get_queryset
INFO 2022-05-23 19:40:44,870 5216 140457060624128 views | user: Piter | used: UserCourseDetailView | method: get_queryset
INFO 2022-05-23 19:40:44,874 5216 140457060624128 views | user: Piter | used: UserCourseDetailView | method: get_queryset
INFO 2022-05-23 19:40:44,874 5216 140457060624128 views | user: Piter | used: UserCourseDetailView | method: get_queryset
INFO 2022-05-23 19:40:49,518 5216 140457060624128 views | user: AnonymousUser | used: CourseListView | method: get
INFO 2022-05-23 19:40:59,177 5216 140457060624128 views | user: admin | used: UserCourseListView | method: get_queryset
INFO 2022-05-23 19:41:00,841 5216 140457060624128 views | user: admin | used: UserCourseDetailView | method: get_queryset
INFO 2022-05-23 19:41:00,849 5216 140457060624128 views | user: admin | used: UserCourseDetailView | method: get_queryset
INFO 2022-05-23 19:41:00,849 5216 140457060624128 views | user: admin | used: UserCourseDetailView | method: get_queryset
INFO 2022-05-23 19:41:05,718 5216 140457060624128 views | user: admin | used: UserCourseDetailView | method: get_queryset
INFO 2022-05-23 19:41:05,722 5216 140457060624128 views | user: admin | used: UserCourseDetailView | method: get_queryset
INFO 2022-05-23 19:41:05,722 5216 140457060624128 views | user: admin | used: UserCourseDetailView | method: get_queryset
INFO 2022-05-23 19:41:10,267 5216 140457060624128 views | user: admin | used: UserCourseDetailView | method: get_queryset
INFO 2022-05-23 19:41:10,270 5216 140457060624128 views | user: admin | used: UserCourseDetailView | method: get_queryset
INFO 2022-05-23 19:41:10,271 5216 140457060624128 views | user: admin | used: UserCourseDetailView | method: get_queryset
INFO 2022-05-23 19:41:13,590 5216 140457060624128 views | user: admin | used: UserCourseDetailView | method: get_queryset
INFO 2022-05-23 19:41:13,594 5216 140457060624128 views | user: admin | used: UserCourseDetailView | method: get_queryset
INFO 2022-05-23 19:41:13,600 5216 140457060624128 views | user: admin | used: UserCourseDetailView | method: get_queryset
INFO 2022-05-23 19:41:15,167 5216 140457060624128 views | user: admin | used: UserCourseDetailView | method: get_queryset
INFO 2022-05-23 19:41:15,174 5216 140457060624128 views | user: admin | used: UserCourseDetailView | method: get_queryset
INFO 2022-05-23 19:41:15,175 5216 140457060624128 views | user: admin | used: UserCourseDetailView | method: get_queryset
INFO 2022-05-23 19:41:17,482 5216 140457060624128 views | user: admin | used: UserCourseDetailView | method: get_queryset
INFO 2022-05-23 19:41:17,486 5216 140457060624128 views | user: admin | used: UserCourseDetailView | method: get_queryset
INFO 2022-05-23 19:41:17,486 5216 140457060624128 views | user: admin | used: UserCourseDetailView | method: get_queryset
INFO 2022-05-23 19:41:41,671 5216 140457060624128 views | user: admin | used: UserCourseDetailView | method: get_queryset
INFO 2022-05-23 19:41:41,674 5216 140457060624128 views | user: admin | used: UserCourseDetailView | method: get_queryset
INFO 2022-05-23 19:41:41,674 5216 140457060624128 views | user: admin | used: UserCourseDetailView | method: get_queryset
INFO 2022-05-23 19:42:30,676 5216 140457060624128 views | user: admin | used: UserCourseDetailView | method: get_queryset
INFO 2022-05-23 19:42:30,678 5216 140457060624128 views | user: admin | used: UserCourseDetailView | method: get_queryset
INFO 2022-05-23 19:42:30,678 5216 140457060624128 views | user: admin | used: UserCourseDetailView | method: get_queryset
INFO 2022-05-23 19:43:12,437 5216 140457060624128 views | user: admin | used: UserCourseDetailView | method: get_queryset
INFO 2022-05-23 19:43:12,438 5216 140457060624128 views | user: admin | used: UserCourseDetailView | method: get_queryset
INFO 2022-05-23 19:43:12,441 5216 140457060624128 views | user: admin | used: UserCourseDetailView | method: get_queryset
INFO 2022-05-23 19:43:34,294 5216 140457060624128 views | user: admin | used: UserCourseDetailView | method: get_queryset
INFO 2022-05-23 19:43:34,298 5216 140457060624128 views | user: admin | used: UserCourseDetailView | method: get_queryset
INFO 2022-05-23 19:43:34,298 5216 140457060624128 views | user: admin | used: UserCourseDetailView | method: get_queryset
INFO 2022-05-23 19:44:33,293 5216 140457060624128 views | user: AnonymousUser | used: CourseListView | method: get
INFO 2022-05-23 19:44:49,796 5216 140457060624128 views | user: Piter | used: UserCourseListView | method: get_queryset
INFO 2022-05-23 19:44:51,839 5216 140457060624128 views | user: Piter | used: UserCourseDetailView | method: get_queryset
INFO 2022-05-23 19:44:51,845 5216 140457060624128 views | user: Piter | used: UserCourseDetailView | method: get_queryset
INFO 2022-05-23 19:44:51,845 5216 140457060624128 views | user: Piter | used: UserCourseDetailView | method: get_queryset
INFO 2022-05-23 19:44:55,134 5216 140457060624128 views | user: Piter | used: UserCourseDetailView | method: get_queryset
INFO 2022-05-23 19:44:55,138 5216 140457060624128 views | user: Piter | used: UserCourseDetailView | method: get_queryset
INFO 2022-05-23 19:44:55,138 5216 140457060624128 views | user: Piter | used: UserCourseDetailView | method: get_queryset
INFO 2022-05-23 19:45:06,851 5216 140457060624128 views | user: Piter | used: UserCourseDetailView | method: get_queryset
INFO 2022-05-23 19:45:06,855 5216 140457060624128 views | user: Piter | used: UserCourseDetailView | method: get_queryset
INFO 2022-05-23 19:45:06,855 5216 140457060624128 views | user: Piter | used: UserCourseDetailView | method: get_queryset
INFO 2022-05-23 19:45:09,917 5216 140457060624128 views | user: Piter | used: ManageCourseListView | method: get_queryset
INFO 2022-05-23 19:45:11,908 5216 140457060624128 views | user: Piter | used: ModuleContentListView | method: get
INFO 2022-05-23 19:45:15,552 5216 140457060624128 views | user: Piter | used: ModuleContentListView | method: get
INFO 2022-05-23 19:45:17,297 5216 140457060624128 views | user: Piter | used: ContentCreateUpdateView | method: dispatch
INFO 2022-05-23 19:45:17,300 5216 140457060624128 views | user: Piter | used: ContentCreateUpdateView | method: get
INFO 2022-05-23 19:45:29,827 5216 140457060624128 views | user: Piter | used: ContentCreateUpdateView | method: dispatch
INFO 2022-05-23 19:45:29,828 5216 140457060624128 views | user: Piter | used: ContentCreateUpdateView | method: post
INFO 2022-05-23 19:45:29,863 5216 140457060624128 views | user: Piter | used: ModuleContentListView | method: get
INFO 2022-05-23 19:45:40,305 5216 140457060624128 views | user: Piter | used: UserCourseDetailView | method: get_queryset
INFO 2022-05-23 19:45:40,310 5216 140457060624128 views | user: Piter | used: UserCourseDetailView | method: get_queryset
INFO 2022-05-23 19:45:40,310 5216 140457060624128 views | user: Piter | used: UserCourseDetailView | method: get_queryset
INFO 2022-05-23 19:45:58,359 5216 140457060624128 views | user: Piter | used: ContentCreateUpdateView | method: dispatch
INFO 2022-05-23 19:45:58,364 5216 140457060624128 views | user: Piter | used: ContentCreateUpdateView | method: get
INFO 2022-05-23 19:46:09,764 5216 140457060624128 views | user: Piter | used: ContentCreateUpdateView | method: dispatch
INFO 2022-05-23 19:46:09,767 5216 140457060624128 views | user: Piter | used: ContentCreateUpdateView | method: post
INFO 2022-05-23 19:46:09,793 5216 140457060624128 views | user: Piter | used: ModuleContentListView | method: get
INFO 2022-05-23 19:46:15,453 5216 140457060624128 views | user: Piter | used: UserCourseDetailView | method: get_queryset
INFO 2022-05-23 19:46:15,454 5216 140457060624128 views | user: Piter | used: UserCourseDetailView | method: get_queryset
INFO 2022-05-23 19:46:15,457 5216 140457060624128 views | user: Piter | used: UserCourseDetailView | method: get_queryset
INFO 2022-05-23 19:46:47,693 5216 140457060624128 views | user: Piter | used: ContentDeleteView | method: post
INFO 2022-05-23 19:46:47,739 5216 140457060624128 views | user: Piter | used: ModuleContentListView | method: get
INFO 2022-05-23 19:46:50,966 5216 140457060624128 views | user: Piter | used: ContentCreateUpdateView | method: dispatch
INFO 2022-05-23 19:46:50,969 5216 140457060624128 views | user: Piter | used: ContentCreateUpdateView | method: get
INFO 2022-05-23 19:47:09,486 5216 140457060624128 views | user: Piter | used: ContentCreateUpdateView | method: dispatch
INFO 2022-05-23 19:47:09,489 5216 140457060624128 views | user: Piter | used: ContentCreateUpdateView | method: post
INFO 2022-05-23 19:47:09,538 5216 140457060624128 views | user: Piter | used: ModuleContentListView | method: get
INFO 2022-05-23 19:47:13,544 5216 140457060624128 views | user: Piter | used: UserCourseDetailView | method: get_queryset
INFO 2022-05-23 19:47:13,546 5216 140457060624128 views | user: Piter | used: UserCourseDetailView | method: get_queryset
INFO 2022-05-23 19:47:13,547 5216 140457060624128 views | user: Piter | used: UserCourseDetailView | method: get_queryset
INFO 2022-05-23 19:47:30,713 5216 140457060624128 views | user: Piter | used: UserCourseDetailView | method: get_queryset
INFO 2022-05-23 19:47:30,717 5216 140457060624128 views | user: Piter | used: UserCourseDetailView | method: get_queryset
INFO 2022-05-23 19:47:30,718 5216 140457060624128 views | user: Piter | used: UserCourseDetailView | method: get_queryset
INFO 2022-05-23 19:49:25,425 5216 140457060624128 views | user: AnonymousUser | used: CourseListView | method: get
INFO 2022-05-23 19:51:46,725 5216 140457060624128 views | user: AnonymousUser | used: CourseListView | method: get
INFO 2022-05-23 19:58:13,840 5216 140457060624128 views | user: admin | used: UserCourseListView | method: get_queryset
INFO 2022-05-23 19:58:18,247 5216 140457060624128 views | user: admin | used: UserCourseDetailView | method: get_queryset
INFO 2022-05-23 19:58:18,251 5216 140457060624128 views | user: admin | used: UserCourseDetailView | method: get_queryset
INFO 2022-05-23 19:58:18,251 5216 140457060624128 views | user: admin | used: UserCourseDetailView | method: get_queryset
INFO 2022-05-23 19:58:20,774 5216 140457060624128 views | user: admin | used: UserCourseDetailView | method: get_queryset
INFO 2022-05-23 19:58:20,776 5216 140457060624128 views | user: admin | used: UserCourseDetailView | method: get_queryset
INFO 2022-05-23 19:58:20,777 5216 140457060624128 views | user: admin | used: UserCourseDetailView | method: get_queryset
INFO 2022-05-23 19:58:22,846 5216 140457060624128 views | user: admin | used: UserCourseDetailView | method: get_queryset
INFO 2022-05-23 19:58:22,848 5216 140457060624128 views | user: admin | used: UserCourseDetailView | method: get_queryset
INFO 2022-05-23 19:58:22,848 5216 140457060624128 views | user: admin | used: UserCourseDetailView | method: get_queryset
INFO 2022-05-23 19:58:24,542 5216 140457060624128 views | user: admin | used: UserCourseDetailView | method: get_queryset
INFO 2022-05-23 19:58:24,546 5216 140457060624128 views | user: admin | used: UserCourseDetailView | method: get_queryset
INFO 2022-05-23 19:58:24,548 5216 140457060624128 views | user: admin | used: UserCourseDetailView | method: get_queryset
INFO 2022-05-23 20:00:34,589 5216 140457060624128 views | user: admin | used: UserCourseDetailView | method: get_queryset
INFO 2022-05-23 20:00:34,592 5216 140457060624128 views | user: admin | used: UserCourseDetailView | method: get_queryset
INFO 2022-05-23 20:00:34,592 5216 140457060624128 views | user: admin | used: UserCourseDetailView | method: get_queryset
INFO 2022-05-23 20:00:36,727 5216 140457060624128 views | user: admin | used: UserCourseDetailView | method: get_queryset
INFO 2022-05-23 20:00:36,730 5216 140457060624128 views | user: admin | used: UserCourseDetailView | method: get_queryset
INFO 2022-05-23 20:00:36,736 5216 140457060624128 views | user: admin | used: UserCourseDetailView | method: get_queryset
INFO 2022-05-23 20:00:38,710 5216 140457060624128 views | user: admin | used: UserCourseDetailView | method: get_queryset
INFO 2022-05-23 20:00:38,712 5216 140457060624128 views | user: admin | used: UserCourseDetailView | method: get_queryset
INFO 2022-05-23 20:00:38,712 5216 140457060624128 views | user: admin | used: UserCourseDetailView | method: get_queryset
INFO 2022-05-23 20:01:17,017 5216 140457060624128 views | user: AnonymousUser | used: CourseListView | method: get
INFO 2022-05-23 20:01:32,256 5216 140457060624128 views | user: Piter | used: UserCourseListView | method: get_queryset
INFO 2022-05-23 20:01:35,963 5216 140457060624128 views | user: Piter | used: UserCourseDetailView | method: get_queryset
INFO 2022-05-23 20:01:35,965 5216 140457060624128 views | user: Piter | used: UserCourseDetailView | method: get_queryset
INFO 2022-05-23 20:01:35,967 5216 140457060624128 views | user: Piter | used: UserCourseDetailView | method: get_queryset
INFO 2022-05-23 20:01:38,463 5216 140457060624128 views | user: Piter | used: ManageCourseListView | method: get_queryset
INFO 2022-05-23 20:01:40,734 5216 140457060624128 views | user: Piter | used: ModuleContentListView | method: get
INFO 2022-05-23 20:01:44,333 5216 140457060624128 views | user: Piter | used: ModuleContentListView | method: get
INFO 2022-05-23 20:01:46,036 5216 140457060624128 views | user: Piter | used: ContentCreateUpdateView | method: dispatch
INFO 2022-05-23 20:01:46,038 5216 140457060624128 views | user: Piter | used: ContentCreateUpdateView | method: get
INFO 2022-05-23 20:02:30,424 5216 140457060624128 views | user: Piter | used: ContentCreateUpdateView | method: dispatch
INFO 2022-05-23 20:02:30,425 5216 140457060624128 views | user: Piter | used: ContentCreateUpdateView | method: post
INFO 2022-05-23 20:03:52,172 5216 140457060624128 views | user: Piter | used: ModuleContentListView | method: get
INFO 2022-05-23 20:03:57,468 5216 140457060624128 views | user: Piter | used: ModuleContentListView | method: get
INFO 2022-05-23 20:04:41,985 5216 140457060624128 views | user: Piter | used: ContentCreateUpdateView | method: dispatch
INFO 2022-05-23 20:04:41,991 5216 140457060624128 views | user: Piter | used: ContentCreateUpdateView | method: get
INFO 2022-05-23 20:04:52,416 5216 140457060624128 views | user: Piter | used: ContentCreateUpdateView | method: dispatch
INFO 2022-05-23 20:04:52,420 5216 140457060624128 views | user: Piter | used: ContentCreateUpdateView | method: post
WARNING 2022-05-23 20:04:52,422 5216 140457060624128 views user: Piter | form is not valid
INFO 2022-05-23 20:05:06,242 5216 140457060624128 views | user: Piter | used: ContentCreateUpdateView | method: dispatch
INFO 2022-05-23 20:05:06,246 5216 140457060624128 views | user: Piter | used: ContentCreateUpdateView | method: post
INFO 2022-05-23 20:05:06,282 5216 140457060624128 views | user: Piter | used: ModuleContentListView | method: get
INFO 2022-05-23 20:05:42,598 5216 140457060624128 views | user: Piter | used: ManageCourseListView | method: get_queryset
INFO 2022-05-23 20:05:47,873 5216 140457060624128 views | user: AnonymousUser | used: CourseListView | method: get
INFO 2022-05-23 20:06:02,370 5216 140457060624128 views | user: AnonymousUser | used: CourseListView | method: get
INFO 2022-05-23 20:07:24,146 5216 140457060624128 views | user: AnonymousUser | used: CourseListView | method: get
INFO 2022-05-23 20:07:35,311 5216 140457060624128 views | user: admin | used: UserCourseListView | method: get_queryset
INFO 2022-05-23 20:17:36,442 12662 139634273920768 views | user: admin | used: UserCourseListView | method: get_queryset
INFO 2022-05-23 20:17:39,377 12662 139634273920768 views | user: admin | used: CourseListView | method: get
INFO 2022-05-23 20:17:42,454 12662 139634273920768 views | user: admin | used: UserCourseListView | method: get_queryset
INFO 2022-05-23 20:17:45,879 12662 139634273920768 views | user: AnonymousUser | used: CourseListView | method: get
INFO 2022-05-23 20:26:40,100 13770 139627020986112 views | user: AnonymousUser | used: CourseListView | method: get
INFO 2022-05-23 20:26:53,877 13770 139627020986112 views | user: AnonymousUser | used: CourseDetailView | method: get_context_data
INFO 2022-05-23 20:26:58,296 13770 139627020986112 views | user: AnonymousUser | used: CourseDetailView | method: get_context_data
INFO 2022-05-23 20:27:19,366 13770 139627020986112 views | user: nika | used: UserCourseListView | method: get_queryset
INFO 2022-05-23 20:27:21,305 13770 139627020986112 views | user: nika | used: UserCourseDetailView | method: get_queryset
INFO 2022-05-23 20:27:21,309 13770 139627020986112 views | user: nika | used: UserCourseDetailView | method: get_queryset
INFO 2022-05-23 20:27:21,309 13770 139627020986112 views | user: nika | used: UserCourseDetailView | method: get_queryset
INFO 2022-05-23 20:27:26,054 13770 139627020986112 views | user: nika | used: UserCourseDetailView | method: get_queryset
INFO 2022-05-23 20:27:26,058 13770 139627020986112 views | user: nika | used: UserCourseDetailView | method: get_queryset
INFO 2022-05-23 20:27:26,058 13770 139627020986112 views | user: nika | used: UserCourseDetailView | method: get_queryset
INFO 2022-05-23 20:27:31,562 13770 139627020986112 views | user: nika | used: UserCourseDetailView | method: get_queryset
INFO 2022-05-23 20:27:31,563 13770 139627020986112 views | user: nika | used: UserCourseDetailView | method: get_queryset
INFO 2022-05-23 20:27:31,565 13770 139627020986112 views | user: nika | used: UserCourseDetailView | method: get_queryset
INFO 2022-05-23 21:04:41,963 13770 139627012593408 views | user: admin | used: CourseDetailView | method: get_context_data
INFO 2022-05-23 21:04:44,379 13770 139627012593408 views | user: admin | used: UserRegistrationCoursesView | method: form_valid
INFO 2022-05-23 21:04:44,427 13770 139627012593408 views | user: admin | used: UserCourseDetailView | method: get_queryset
INFO 2022-05-23 21:04:44,428 13770 139627012593408 views | user: admin | used: UserCourseDetailView | method: get_queryset
INFO 2022-05-23 21:04:44,428 13770 139627012593408 views | user: admin | used: UserCourseDetailView | method: get_queryset
INFO 2022-05-23 21:12:22,544 13770 139627012593408 views | user: admin | used: UserCourseDetailView | method: get_queryset
INFO 2022-05-23 21:12:22,546 13770 139627012593408 views | user: admin | used: UserCourseDetailView | method: get_queryset
INFO 2022-05-23 21:12:22,548 13770 139627012593408 views | user: admin | used: UserCourseDetailView | method: get_queryset
INFO 2022-05-23 21:13:52,593 13770 139627012593408 views | user: admin | used: UserCourseDetailView | method: get_queryset
INFO 2022-05-23 21:13:52,598 13770 139627012593408 views | user: admin | used: UserCourseDetailView | method: get_queryset
INFO 2022-05-23 21:13:52,599 13770 139627012593408 views | user: admin | used: UserCourseDetailView | method: get_queryset
INFO 2022-05-23 21:17:19,613 13770 139627012593408 views | user: admin | used: UserCourseDetailView | method: get_queryset
INFO 2022-05-23 21:17:19,616 13770 139627012593408 views | user: admin | used: UserCourseDetailView | method: get_queryset
INFO 2022-05-23 21:17:19,616 13770 139627012593408 views | user: admin | used: UserCourseDetailView | method: get_queryset
INFO 2022-05-23 21:17:46,725 13770 139627012593408 views | user: admin | used: UserCourseDetailView | method: get_queryset
INFO 2022-05-23 21:17:46,732 13770 139627012593408 views | user: admin | used: UserCourseDetailView | method: get_queryset
INFO 2022-05-23 21:17:46,733 13770 139627012593408 views | user: admin | used: UserCourseDetailView | method: get_queryset
INFO 2022-05-23 21:18:50,436 13770 139627012593408 views | user: admin | used: UserCourseDetailView | method: get_queryset
INFO 2022-05-23 21:18:50,448 13770 139627012593408 views | user: admin | used: UserCourseDetailView | method: get_queryset
INFO 2022-05-23 21:18:50,449 13770 139627012593408 views | user: admin | used: UserCourseDetailView | method: get_queryset
INFO 2022-05-23 21:19:39,704 13770 139627012593408 views | user: admin | used: UserCourseDetailView | method: get_queryset
INFO 2022-05-23 21:19:39,716 13770 139627012593408 views | user: admin | used: UserCourseDetailView | method: get_queryset
INFO 2022-05-23 21:19:39,716 13770 139627012593408 views | user: admin | used: UserCourseDetailView | method: get_queryset
INFO 2022-05-23 21:19:42,411 13770 139627012593408 views | user: AnonymousUser | used: CourseListView | method: get
INFO 2022-05-23 21:20:04,591 13770 139627012593408 views | user: Piter | used: UserCourseListView | method: get_queryset
INFO 2022-05-23 21:20:07,730 13770 139627012593408 views | user: Piter | used: UserCourseDetailView | method: get_queryset
INFO 2022-05-23 21:20:07,731 13770 139627012593408 views | user: Piter | used: UserCourseDetailView | method: get_queryset
INFO 2022-05-23 21:20:07,733 13770 139627012593408 views | user: Piter | used: UserCourseDetailView | method: get_queryset
INFO 2022-05-23 21:20:12,252 13770 139627012593408 views | user: Piter | used: ManageCourseListView | method: get_queryset
INFO 2022-05-23 21:20:15,750 13770 139627012593408 views | user: Piter | used: ModuleContentListView | method: get
INFO 2022-05-23 21:20:21,675 13770 139627012593408 views | user: Piter | used: ContentCreateUpdateView | method: dispatch
INFO 2022-05-23 21:20:21,678 13770 139627012593408 views | user: Piter | used: ContentCreateUpdateView | method: get
INFO 2022-05-23 21:20:28,858 13770 139627012593408 views | user: Piter | used: ModuleContentListView | method: get
INFO 2022-05-23 21:20:31,212 13770 139627012593408 views | user: Piter | used: ModuleContentListView | method: get
INFO 2022-05-23 22:09:35,266 18021 140718845290240 views | user: Piter | used: CourseListView | method: get
INFO 2022-05-23 22:09:43,891 18021 140718756587264 views | user: AnonymousUser | used: CourseListView | method: get
INFO 2022-05-23 22:10:23,283 18021 140718756587264 views | user: admin | used: UserCourseListView | method: get_queryset
INFO 2022-05-23 22:10:31,586 18021 140718845290240 views | user: AnonymousUser | used: CourseListView | method: get
INFO 2022-05-23 22:10:37,698 18021 140718845290240 views | user: Piter | used: UserCourseListView | method: get_queryset
INFO 2022-05-23 22:10:42,240 18021 140718845290240 views | user: Piter | used: UserCourseListView | method: get_queryset
INFO 2022-05-23 22:10:45,946 18021 140718756587264 views | user: admin | used: UserCourseListView | method: get_queryset
INFO 2022-05-23 22:10:52,839 18021 140718756587264 views | user: admin | used: UserCourseListView | method: get_queryset
INFO 2022-05-23 22:10:57,147 18021 140718756587264 views | user: admin | used: UserCourseDetailView | method: get_queryset
INFO 2022-05-23 22:10:57,151 18021 140718756587264 views | user: admin | used: UserCourseDetailView | method: get_queryset
INFO 2022-05-23 22:10:57,151 18021 140718756587264 views | user: admin | used: UserCourseDetailView | method: get_queryset
INFO 2022-05-23 22:11:00,034 18021 140718756587264 views | user: admin | used: CourseListView | method: get
INFO 2022-05-23 22:11:01,993 18021 140718756587264 views | user: admin | used: CourseDetailView | method: get_context_data
INFO 2022-05-23 22:11:04,138 18021 140718756587264 views | user: admin | used: UserRegistrationCoursesView | method: form_valid
INFO 2022-05-23 22:11:04,177 18021 140718756587264 views | user: admin | used: UserCourseDetailView | method: get_queryset
INFO 2022-05-23 22:11:04,179 18021 140718756587264 views | user: admin | used: UserCourseDetailView | method: get_queryset
INFO 2022-05-23 22:11:04,179 18021 140718756587264 views | user: admin | used: UserCourseDetailView | method: get_queryset
INFO 2022-05-23 22:11:12,941 18021 140718845290240 views | user: Piter | used: CourseListView | method: get
INFO 2022-05-23 22:11:16,587 18021 140718845290240 views | user: Piter | used: CourseDetailView | method: get_context_data
INFO 2022-05-23 22:11:18,406 18021 140718845290240 views | user: Piter | used: UserRegistrationCoursesView | method: form_valid
INFO 2022-05-23 22:11:18,444 18021 140718845290240 views | user: Piter | used: UserCourseDetailView | method: get_queryset
INFO 2022-05-23 22:11:18,448 18021 140718845290240 views | user: Piter | used: UserCourseDetailView | method: get_queryset
INFO 2022-05-23 22:11:18,448 18021 140718845290240 views | user: Piter | used: UserCourseDetailView | method: get_queryset
INFO 2022-05-23 22:11:23,258 18021 140718756587264 views | user: admin | used: UserCourseListView | method: get_queryset
INFO 2022-05-23 22:11:31,346 18021 140718845290240 views | user: Piter | used: UserCourseDetailView | method: get_queryset
INFO 2022-05-23 22:11:31,349 18021 140718845290240 views | user: Piter | used: UserCourseDetailView | method: get_queryset
INFO 2022-05-23 22:11:31,350 18021 140718845290240 views | user: Piter | used: UserCourseDetailView | method: get_queryset
INFO 2022-05-23 22:11:35,000 18021 140718756587264 views | user: admin | used: UserCourseListView | method: get_queryset
INFO 2022-05-23 22:18:44,235 18021 140718845290240 views | user: Piter | used: UserCourseDetailView | method: get_queryset
INFO 2022-05-23 22:18:44,243 18021 140718845290240 views | user: Piter | used: UserCourseDetailView | method: get_queryset
INFO 2022-05-23 22:18:44,243 18021 140718845290240 views | user: Piter | used: UserCourseDetailView | method: get_queryset
INFO 2022-05-23 22:18:48,264 18021 140718845290240 views | user: Piter | used: CourseListView | method: get
INFO 2022-05-23 22:18:51,084 18021 140718845290240 views | user: Piter | used: CourseDetailView | method: get_context_data
INFO 2022-05-23 22:18:53,366 18021 140718845290240 views | user: Piter | used: UserRegistrationCoursesView | method: form_valid
INFO 2022-05-23 22:18:53,416 18021 140718845290240 views | user: Piter | used: UserCourseDetailView | method: get_queryset
INFO 2022-05-23 22:18:53,422 18021 140718845290240 views | user: Piter | used: UserCourseDetailView | method: get_queryset
INFO 2022-05-23 22:18:53,425 18021 140718845290240 views | user: Piter | used: UserCourseDetailView | method: get_queryset
INFO 2022-05-23 22:18:56,303 18021 140718845290240 views | user: Piter | used: ManageCourseListView | method: get_queryset
INFO 2022-05-23 22:18:59,384 18021 140718845290240 views | user: Piter | used: ModuleContentListView | method: get
INFO 2022-05-23 22:19:08,456 18021 140718845290240 views | user: Piter | used: CourseListView | method: get
INFO 2022-05-23 22:19:11,095 18021 140718845290240 views | user: AnonymousUser | used: CourseListView | method: get
INFO 2022-05-23 22:19:33,332 18021 140718845290240 views | user: admin | used: CourseListView | method: get
INFO 2022-05-24 09:54:26,522 19280 139758427469568 views | user: admin | used: CourseListView | method: get
INFO 2022-05-24 09:55:03,770 19280 139758427469568 views | user: AnonymousUser | used: CourseListView | method: get
INFO 2022-05-24 09:55:14,746 19280 139758427469568 views | user: Piter | used: UserCourseListView | method: get_queryset
INFO 2022-05-24 09:55:17,821 19280 139758427469568 views | user: Piter | used: ManageCourseListView | method: get_queryset
INFO 2022-05-24 09:55:25,139 19280 139758427469568 views | user: Piter | used: ModuleContentListView | method: get
INFO 2022-05-24 09:56:26,060 19280 139758427469568 views | user: admin | used: CourseListView | method: get
INFO 2022-05-24 09:56:32,615 19280 139758427469568 views | user: admin | used: CourseDetailView | method: get_context_data
INFO 2022-05-24 09:56:35,361 19280 139758427469568 views | user: admin | used: UserRegistrationCoursesView | method: form_valid
INFO 2022-05-24 09:56:35,436 19280 139758427469568 views | user: admin | used: UserCourseDetailView | method: get_queryset
INFO 2022-05-24 09:56:35,438 19280 139758427469568 views | user: admin | used: UserCourseDetailView | method: get_queryset
INFO 2022-05-24 09:56:35,438 19280 139758427469568 views | user: admin | used: UserCourseDetailView | method: get_queryset
INFO 2022-05-24 09:56:40,155 19280 139758427469568 views | user: AnonymousUser | used: CourseListView | method: get
INFO 2022-05-24 09:56:43,393 19280 139758427469568 views | user: AnonymousUser | used: CourseListView | method: get
INFO 2022-05-24 09:56:45,223 19280 139758427469568 views | user: AnonymousUser | used: CourseDetailView | method: get_context_data
INFO 2022-05-24 09:57:48,028 19280 139758427469568 views | user: AnonymousUser | used: CourseListView | method: get
